!SESSION 2019-01-30 14:43:21.709 -----------------------------------------------
eclipse.buildId=4.8.0.I20180611-0500
java.version=1.8.0_181
java.vendor=Oracle Corporation
BootLoader constants: OS=win32, ARCH=x86_64, WS=win32, NL=en_US
Framework arguments:  -product org.eclipse.epp.package.java.product
Command-line arguments:  -os win32 -ws win32 -arch x86_64 -product org.eclipse.epp.package.java.product

This is a continuation of log file C:\Users\rcao266\Dropbox\workspacePython\.metadata\.bak_0.log
Created Time: 2019-01-30 14:45:49.677

!ENTRY org.eclipse.egit.ui 2 0 2019-01-30 14:45:49.678
!MESSAGE Warning: The environment variable HOME is not set. The following directory will be used to store the Git
user global configuration and to define the default location to store repositories: 'C:\Users\rcao266'. If this is
not correct please set the HOME environment variable and restart Eclipse. Otherwise Git for Windows and
EGit might behave differently since they see different configuration options.
This warning can be switched off on the Team > Git > Confirmations and Warnings preference page.

!ENTRY org.python.pydev.shared_core 4 4 2019-01-30 14:47:08.955
!MESSAGE Info: Rebuilding internal caches: C:\Users\rcao266\Dropbox\workspacePython\.metadata\.plugins\org.eclipse.core.resources\.projects\Basic Function\com.python.pydev.analysis\AdditionalProjectInterpreterInfo.pydevinfo (Expected error to be provided and got no error!)

!ENTRY org.python.pydev.shared_core 4 4 2019-01-30 14:47:16.666
!MESSAGE The python client still hasn't connected back to the eclipse java vm (will retry...)
!STACK 0
java.lang.RuntimeException: The python client still hasn't connected back to the eclipse java vm (will retry...)
	at org.python.pydev.core.log.Log.log(Log.java:33)
	at org.python.pydev.ast.codecompletion.shell.AbstractShell.startIt(AbstractShell.java:335)
	at org.python.pydev.ast.codecompletion.shell.ShellsContainer.getServerShell(ShellsContainer.java:235)
	at org.python.pydev.ast.codecompletion.shell.ShellsContainer.getServerShell(ShellsContainer.java:167)
	at org.python.pydev.ast.codecompletion.shell.AbstractShell.getServerShell(AbstractShell.java:223)
	at org.python.pydev.editor.PyEdit$2.run(PyEdit.java:566)
!SESSION 2019-02-08 14:10:28.347 -----------------------------------------------
eclipse.buildId=4.8.0.I20180611-0500
java.version=1.8.0_181
java.vendor=Oracle Corporation
BootLoader constants: OS=win32, ARCH=x86_64, WS=win32, NL=en_US
Framework arguments:  -product org.eclipse.epp.package.java.product
Command-line arguments:  -os win32 -ws win32 -arch x86_64 -product org.eclipse.epp.package.java.product

!ENTRY org.eclipse.e4.ui.workbench 4 0 2019-02-08 14:10:40.884
!MESSAGE Unable to load class 'org.eclipse.e4.ui.workbench.renderers.swt.cocoa.ArrangeWindowHandler' from bundle '124'
!STACK 0
java.lang.ClassNotFoundException: org.eclipse.e4.ui.workbench.renderers.swt.cocoa.ArrangeWindowHandler cannot be found by org.eclipse.e4.ui.workbench.renderers.swt_0.14.200.v20180516-2019
	at org.eclipse.osgi.internal.loader.BundleLoader.findClassInternal(BundleLoader.java:508)
	at org.eclipse.osgi.internal.loader.BundleLoader.findClass(BundleLoader.java:419)
	at org.eclipse.osgi.internal.loader.BundleLoader.findClass(BundleLoader.java:411)
	at org.eclipse.osgi.internal.loader.ModuleClassLoader.loadClass(ModuleClassLoader.java:150)
	at java.lang.ClassLoader.loadClass(Unknown Source)
	at org.eclipse.osgi.internal.framework.EquinoxBundle.loadClass(EquinoxBundle.java:609)
	at org.eclipse.e4.ui.internal.workbench.ReflectionContributionFactory.createFromBundle(ReflectionContributionFactory.java:103)
	at org.eclipse.e4.ui.internal.workbench.ReflectionContributionFactory.doCreate(ReflectionContributionFactory.java:74)
	at org.eclipse.e4.ui.internal.workbench.ReflectionContributionFactory.create(ReflectionContributionFactory.java:56)
	at org.eclipse.e4.ui.internal.workbench.addons.HandlerProcessingAddon.processActiveHandler(HandlerProcessingAddon.java:143)
	at org.eclipse.e4.ui.internal.workbench.addons.HandlerProcessingAddon.postConstruct(HandlerProcessingAddon.java:53)
	at sun.reflect.NativeMethodAccessorImpl.invoke0(Native Method)
	at sun.reflect.NativeMethodAccessorImpl.invoke(Unknown Source)
	at sun.reflect.DelegatingMethodAccessorImpl.invoke(Unknown Source)
	at java.lang.reflect.Method.invoke(Unknown Source)
	at org.eclipse.e4.core.internal.di.MethodRequestor.execute(MethodRequestor.java:55)
	at org.eclipse.e4.core.internal.di.InjectorImpl.processAnnotated(InjectorImpl.java:1005)
	at org.eclipse.e4.core.internal.di.InjectorImpl.internalInject(InjectorImpl.java:137)
	at org.eclipse.e4.core.internal.di.InjectorImpl.internalMake(InjectorImpl.java:412)
	at org.eclipse.e4.core.internal.di.InjectorImpl.make(InjectorImpl.java:345)
	at org.eclipse.e4.core.contexts.ContextInjectionFactory.make(ContextInjectionFactory.java:214)
	at org.eclipse.e4.ui.internal.workbench.ReflectionContributionFactory.createFromBundle(ReflectionContributionFactory.java:108)
	at org.eclipse.e4.ui.internal.workbench.ReflectionContributionFactory.doCreate(ReflectionContributionFactory.java:74)
	at org.eclipse.e4.ui.internal.workbench.ReflectionContributionFactory.create(ReflectionContributionFactory.java:51)
	at org.eclipse.e4.ui.internal.workbench.swt.E4Application.createE4Workbench(E4Application.java:282)
	at org.eclipse.ui.internal.Workbench.lambda$3(Workbench.java:617)
	at org.eclipse.core.databinding.observable.Realm.runWithDefault(Realm.java:336)
	at org.eclipse.ui.internal.Workbench.createAndRunWorkbench(Workbench.java:597)
	at org.eclipse.ui.PlatformUI.createAndRunWorkbench(PlatformUI.java:148)
	at org.eclipse.ui.internal.ide.application.IDEApplication.start(IDEApplication.java:152)
	at org.eclipse.equinox.internal.app.EclipseAppHandle.run(EclipseAppHandle.java:196)
	at org.eclipse.core.runtime.internal.adaptor.EclipseAppLauncher.runApplication(EclipseAppLauncher.java:134)
	at org.eclipse.core.runtime.internal.adaptor.EclipseAppLauncher.start(EclipseAppLauncher.java:104)
	at org.eclipse.core.runtime.adaptor.EclipseStarter.run(EclipseStarter.java:388)
	at org.eclipse.core.runtime.adaptor.EclipseStarter.run(EclipseStarter.java:243)
	at sun.reflect.NativeMethodAccessorImpl.invoke0(Native Method)
	at sun.reflect.NativeMethodAccessorImpl.invoke(Unknown Source)
	at sun.reflect.DelegatingMethodAccessorImpl.invoke(Unknown Source)
	at java.lang.reflect.Method.invoke(Unknown Source)
	at org.eclipse.equinox.launcher.Main.invokeFramework(Main.java:656)
	at org.eclipse.equinox.launcher.Main.basicRun(Main.java:592)
	at org.eclipse.equinox.launcher.Main.run(Main.java:1498)

!ENTRY org.eclipse.e4.ui.workbench 4 0 2019-02-08 14:10:40.905
!MESSAGE Unable to load class 'org.eclipse.e4.ui.workbench.renderers.swt.cocoa.MinimizeWindowHandler' from bundle '124'
!STACK 0
java.lang.ClassNotFoundException: org.eclipse.e4.ui.workbench.renderers.swt.cocoa.MinimizeWindowHandler cannot be found by org.eclipse.e4.ui.workbench.renderers.swt_0.14.200.v20180516-2019
	at org.eclipse.osgi.internal.loader.BundleLoader.findClassInternal(BundleLoader.java:508)
	at org.eclipse.osgi.internal.loader.BundleLoader.findClass(BundleLoader.java:419)
	at org.eclipse.osgi.internal.loader.BundleLoader.findClass(BundleLoader.java:411)
	at org.eclipse.osgi.internal.loader.ModuleClassLoader.loadClass(ModuleClassLoader.java:150)
	at java.lang.ClassLoader.loadClass(Unknown Source)
	at org.eclipse.osgi.internal.framework.EquinoxBundle.loadClass(EquinoxBundle.java:609)
	at org.eclipse.e4.ui.internal.workbench.ReflectionContributionFactory.createFromBundle(ReflectionContributionFactory.java:103)
	at org.eclipse.e4.ui.internal.workbench.ReflectionContributionFactory.doCreate(ReflectionContributionFactory.java:74)
	at org.eclipse.e4.ui.internal.workbench.ReflectionContributionFactory.create(ReflectionContributionFactory.java:56)
	at org.eclipse.e4.ui.internal.workbench.addons.HandlerProcessingAddon.processActiveHandler(HandlerProcessingAddon.java:143)
	at org.eclipse.e4.ui.internal.workbench.addons.HandlerProcessingAddon.postConstruct(HandlerProcessingAddon.java:53)
	at sun.reflect.NativeMethodAccessorImpl.invoke0(Native Method)
	at sun.reflect.NativeMethodAccessorImpl.invoke(Unknown Source)
	at sun.reflect.DelegatingMethodAccessorImpl.invoke(Unknown Source)
	at java.lang.reflect.Method.invoke(Unknown Source)
	at org.eclipse.e4.core.internal.di.MethodRequestor.execute(MethodRequestor.java:55)
	at org.eclipse.e4.core.internal.di.InjectorImpl.processAnnotated(InjectorImpl.java:1005)
	at org.eclipse.e4.core.internal.di.InjectorImpl.internalInject(InjectorImpl.java:137)
	at org.eclipse.e4.core.internal.di.InjectorImpl.internalMake(InjectorImpl.java:412)
	at org.eclipse.e4.core.internal.di.InjectorImpl.make(InjectorImpl.java:345)
	at org.eclipse.e4.core.contexts.ContextInjectionFactory.make(ContextInjectionFactory.java:214)
	at org.eclipse.e4.ui.internal.workbench.ReflectionContributionFactory.createFromBundle(ReflectionContributionFactory.java:108)
	at org.eclipse.e4.ui.internal.workbench.ReflectionContributionFactory.doCreate(ReflectionContributionFactory.java:74)
	at org.eclipse.e4.ui.internal.workbench.ReflectionContributionFactory.create(ReflectionContributionFactory.java:51)
	at org.eclipse.e4.ui.internal.workbench.swt.E4Application.createE4Workbench(E4Application.java:282)
	at org.eclipse.ui.internal.Workbench.lambda$3(Workbench.java:617)
	at org.eclipse.core.databinding.observable.Realm.runWithDefault(Realm.java:336)
	at org.eclipse.ui.internal.Workbench.createAndRunWorkbench(Workbench.java:597)
	at org.eclipse.ui.PlatformUI.createAndRunWorkbench(PlatformUI.java:148)
	at org.eclipse.ui.internal.ide.application.IDEApplication.start(IDEApplication.java:152)
	at org.eclipse.equinox.internal.app.EclipseAppHandle.run(EclipseAppHandle.java:196)
	at org.eclipse.core.runtime.internal.adaptor.EclipseAppLauncher.runApplication(EclipseAppLauncher.java:134)
	at org.eclipse.core.runtime.internal.adaptor.EclipseAppLauncher.start(EclipseAppLauncher.java:104)
	at org.eclipse.core.runtime.adaptor.EclipseStarter.run(EclipseStarter.java:388)
	at org.eclipse.core.runtime.adaptor.EclipseStarter.run(EclipseStarter.java:243)
	at sun.reflect.NativeMethodAccessorImpl.invoke0(Native Method)
	at sun.reflect.NativeMethodAccessorImpl.invoke(Unknown Source)
	at sun.reflect.DelegatingMethodAccessorImpl.invoke(Unknown Source)
	at java.lang.reflect.Method.invoke(Unknown Source)
	at org.eclipse.equinox.launcher.Main.invokeFramework(Main.java:656)
	at org.eclipse.equinox.launcher.Main.basicRun(Main.java:592)
	at org.eclipse.equinox.launcher.Main.run(Main.java:1498)

!ENTRY org.eclipse.e4.ui.workbench 4 0 2019-02-08 14:10:40.906
!MESSAGE Unable to load class 'org.eclipse.e4.ui.workbench.renderers.swt.cocoa.FullscreenWindowHandler' from bundle '124'
!STACK 0
java.lang.ClassNotFoundException: org.eclipse.e4.ui.workbench.renderers.swt.cocoa.FullscreenWindowHandler cannot be found by org.eclipse.e4.ui.workbench.renderers.swt_0.14.200.v20180516-2019
	at org.eclipse.osgi.internal.loader.BundleLoader.findClassInternal(BundleLoader.java:508)
	at org.eclipse.osgi.internal.loader.BundleLoader.findClass(BundleLoader.java:419)
	at org.eclipse.osgi.internal.loader.BundleLoader.findClass(BundleLoader.java:411)
	at org.eclipse.osgi.internal.loader.ModuleClassLoader.loadClass(ModuleClassLoader.java:150)
	at java.lang.ClassLoader.loadClass(Unknown Source)
	at org.eclipse.osgi.internal.framework.EquinoxBundle.loadClass(EquinoxBundle.java:609)
	at org.eclipse.e4.ui.internal.workbench.ReflectionContributionFactory.createFromBundle(ReflectionContributionFactory.java:103)
	at org.eclipse.e4.ui.internal.workbench.ReflectionContributionFactory.doCreate(ReflectionContributionFactory.java:74)
	at org.eclipse.e4.ui.internal.workbench.ReflectionContributionFactory.create(ReflectionContributionFactory.java:56)
	at org.eclipse.e4.ui.internal.workbench.addons.HandlerProcessingAddon.processActiveHandler(HandlerProcessingAddon.java:143)
	at org.eclipse.e4.ui.internal.workbench.addons.HandlerProcessingAddon.postConstruct(HandlerProcessingAddon.java:53)
	at sun.reflect.NativeMethodAccessorImpl.invoke0(Native Method)
	at sun.reflect.NativeMethodAccessorImpl.invoke(Unknown Source)
	at sun.reflect.DelegatingMethodAccessorImpl.invoke(Unknown Source)
	at java.lang.reflect.Method.invoke(Unknown Source)
	at org.eclipse.e4.core.internal.di.MethodRequestor.execute(MethodRequestor.java:55)
	at org.eclipse.e4.core.internal.di.InjectorImpl.processAnnotated(InjectorImpl.java:1005)
	at org.eclipse.e4.core.internal.di.InjectorImpl.internalInject(InjectorImpl.java:137)
	at org.eclipse.e4.core.internal.di.InjectorImpl.internalMake(InjectorImpl.java:412)
	at org.eclipse.e4.core.internal.di.InjectorImpl.make(InjectorImpl.java:345)
	at org.eclipse.e4.core.contexts.ContextInjectionFactory.make(ContextInjectionFactory.java:214)
	at org.eclipse.e4.ui.internal.workbench.ReflectionContributionFactory.createFromBundle(ReflectionContributionFactory.java:108)
	at org.eclipse.e4.ui.internal.workbench.ReflectionContributionFactory.doCreate(ReflectionContributionFactory.java:74)
	at org.eclipse.e4.ui.internal.workbench.ReflectionContributionFactory.create(ReflectionContributionFactory.java:51)
	at org.eclipse.e4.ui.internal.workbench.swt.E4Application.createE4Workbench(E4Application.java:282)
	at org.eclipse.ui.internal.Workbench.lambda$3(Workbench.java:617)
	at org.eclipse.core.databinding.observable.Realm.runWithDefault(Realm.java:336)
	at org.eclipse.ui.internal.Workbench.createAndRunWorkbench(Workbench.java:597)
	at org.eclipse.ui.PlatformUI.createAndRunWorkbench(PlatformUI.java:148)
	at org.eclipse.ui.internal.ide.application.IDEApplication.start(IDEApplication.java:152)
	at org.eclipse.equinox.internal.app.EclipseAppHandle.run(EclipseAppHandle.java:196)
	at org.eclipse.core.runtime.internal.adaptor.EclipseAppLauncher.runApplication(EclipseAppLauncher.java:134)
	at org.eclipse.core.runtime.internal.adaptor.EclipseAppLauncher.start(EclipseAppLauncher.java:104)
	at org.eclipse.core.runtime.adaptor.EclipseStarter.run(EclipseStarter.java:388)
	at org.eclipse.core.runtime.adaptor.EclipseStarter.run(EclipseStarter.java:243)
	at sun.reflect.NativeMethodAccessorImpl.invoke0(Native Method)
	at sun.reflect.NativeMethodAccessorImpl.invoke(Unknown Source)
	at sun.reflect.DelegatingMethodAccessorImpl.invoke(Unknown Source)
	at java.lang.reflect.Method.invoke(Unknown Source)
	at org.eclipse.equinox.launcher.Main.invokeFramework(Main.java:656)
	at org.eclipse.equinox.launcher.Main.basicRun(Main.java:592)
	at org.eclipse.equinox.launcher.Main.run(Main.java:1498)

!ENTRY org.eclipse.e4.ui.workbench 4 0 2019-02-08 14:10:40.907
!MESSAGE Unable to load class 'org.eclipse.e4.ui.workbench.renderers.swt.cocoa.ZoomWindowHandler' from bundle '124'
!STACK 0
java.lang.ClassNotFoundException: org.eclipse.e4.ui.workbench.renderers.swt.cocoa.ZoomWindowHandler cannot be found by org.eclipse.e4.ui.workbench.renderers.swt_0.14.200.v20180516-2019
	at org.eclipse.osgi.internal.loader.BundleLoader.findClassInternal(BundleLoader.java:508)
	at org.eclipse.osgi.internal.loader.BundleLoader.findClass(BundleLoader.java:419)
	at org.eclipse.osgi.internal.loader.BundleLoader.findClass(BundleLoader.java:411)
	at org.eclipse.osgi.internal.loader.ModuleClassLoader.loadClass(ModuleClassLoader.java:150)
	at java.lang.ClassLoader.loadClass(Unknown Source)
	at org.eclipse.osgi.internal.framework.EquinoxBundle.loadClass(EquinoxBundle.java:609)
	at org.eclipse.e4.ui.internal.workbench.ReflectionContributionFactory.createFromBundle(ReflectionContributionFactory.java:103)
	at org.eclipse.e4.ui.internal.workbench.ReflectionContributionFactory.doCreate(ReflectionContributionFactory.java:74)
	at org.eclipse.e4.ui.internal.workbench.ReflectionContributionFactory.create(ReflectionContributionFactory.java:56)
	at org.eclipse.e4.ui.internal.workbench.addons.HandlerProcessingAddon.processActiveHandler(HandlerProcessingAddon.java:143)
	at org.eclipse.e4.ui.internal.workbench.addons.HandlerProcessingAddon.postConstruct(HandlerProcessingAddon.java:53)
	at sun.reflect.NativeMethodAccessorImpl.invoke0(Native Method)
	at sun.reflect.NativeMethodAccessorImpl.invoke(Unknown Source)
	at sun.reflect.DelegatingMethodAccessorImpl.invoke(Unknown Source)
	at java.lang.reflect.Method.invoke(Unknown Source)
	at org.eclipse.e4.core.internal.di.MethodRequestor.execute(MethodRequestor.java:55)
	at org.eclipse.e4.core.internal.di.InjectorImpl.processAnnotated(InjectorImpl.java:1005)
	at org.eclipse.e4.core.internal.di.InjectorImpl.internalInject(InjectorImpl.java:137)
	at org.eclipse.e4.core.internal.di.InjectorImpl.internalMake(InjectorImpl.java:412)
	at org.eclipse.e4.core.internal.di.InjectorImpl.make(InjectorImpl.java:345)
	at org.eclipse.e4.core.contexts.ContextInjectionFactory.make(ContextInjectionFactory.java:214)
	at org.eclipse.e4.ui.internal.workbench.ReflectionContributionFactory.createFromBundle(ReflectionContributionFactory.java:108)
	at org.eclipse.e4.ui.internal.workbench.ReflectionContributionFactory.doCreate(ReflectionContributionFactory.java:74)
	at org.eclipse.e4.ui.internal.workbench.ReflectionContributionFactory.create(ReflectionContributionFactory.java:51)
	at org.eclipse.e4.ui.internal.workbench.swt.E4Application.createE4Workbench(E4Application.java:282)
	at org.eclipse.ui.internal.Workbench.lambda$3(Workbench.java:617)
	at org.eclipse.core.databinding.observable.Realm.runWithDefault(Realm.java:336)
	at org.eclipse.ui.internal.Workbench.createAndRunWorkbench(Workbench.java:597)
	at org.eclipse.ui.PlatformUI.createAndRunWorkbench(PlatformUI.java:148)
	at org.eclipse.ui.internal.ide.application.IDEApplication.start(IDEApplication.java:152)
	at org.eclipse.equinox.internal.app.EclipseAppHandle.run(EclipseAppHandle.java:196)
	at org.eclipse.core.runtime.internal.adaptor.EclipseAppLauncher.runApplication(EclipseAppLauncher.java:134)
	at org.eclipse.core.runtime.internal.adaptor.EclipseAppLauncher.start(EclipseAppLauncher.java:104)
	at org.eclipse.core.runtime.adaptor.EclipseStarter.run(EclipseStarter.java:388)
	at org.eclipse.core.runtime.adaptor.EclipseStarter.run(EclipseStarter.java:243)
	at sun.reflect.NativeMethodAccessorImpl.invoke0(Native Method)
	at sun.reflect.NativeMethodAccessorImpl.invoke(Unknown Source)
	at sun.reflect.DelegatingMethodAccessorImpl.invoke(Unknown Source)
	at java.lang.reflect.Method.invoke(Unknown Source)
	at org.eclipse.equinox.launcher.Main.invokeFramework(Main.java:656)
	at org.eclipse.equinox.launcher.Main.basicRun(Main.java:592)
	at org.eclipse.equinox.launcher.Main.run(Main.java:1498)

!ENTRY org.eclipse.e4.ui.workbench 4 0 2019-02-08 14:10:40.908
!MESSAGE Unable to load class 'org.eclipse.e4.ui.workbench.renderers.swt.cocoa.CloseDialogHandler' from bundle '124'
!STACK 0
java.lang.ClassNotFoundException: org.eclipse.e4.ui.workbench.renderers.swt.cocoa.CloseDialogHandler cannot be found by org.eclipse.e4.ui.workbench.renderers.swt_0.14.200.v20180516-2019
	at org.eclipse.osgi.internal.loader.BundleLoader.findClassInternal(BundleLoader.java:508)
	at org.eclipse.osgi.internal.loader.BundleLoader.findClass(BundleLoader.java:419)
	at org.eclipse.osgi.internal.loader.BundleLoader.findClass(BundleLoader.java:411)
	at org.eclipse.osgi.internal.loader.ModuleClassLoader.loadClass(ModuleClassLoader.java:150)
	at java.lang.ClassLoader.loadClass(Unknown Source)
	at org.eclipse.osgi.internal.framework.EquinoxBundle.loadClass(EquinoxBundle.java:609)
	at org.eclipse.e4.ui.internal.workbench.ReflectionContributionFactory.createFromBundle(ReflectionContributionFactory.java:103)
	at org.eclipse.e4.ui.internal.workbench.ReflectionContributionFactory.doCreate(ReflectionContributionFactory.java:74)
	at org.eclipse.e4.ui.internal.workbench.ReflectionContributionFactory.create(ReflectionContributionFactory.java:56)
	at org.eclipse.e4.ui.internal.workbench.addons.HandlerProcessingAddon.processActiveHandler(HandlerProcessingAddon.java:143)
	at org.eclipse.e4.ui.internal.workbench.addons.HandlerProcessingAddon.postConstruct(HandlerProcessingAddon.java:53)
	at sun.reflect.NativeMethodAccessorImpl.invoke0(Native Method)
	at sun.reflect.NativeMethodAccessorImpl.invoke(Unknown Source)
	at sun.reflect.DelegatingMethodAccessorImpl.invoke(Unknown Source)
	at java.lang.reflect.Method.invoke(Unknown Source)
	at org.eclipse.e4.core.internal.di.MethodRequestor.execute(MethodRequestor.java:55)
	at org.eclipse.e4.core.internal.di.InjectorImpl.processAnnotated(InjectorImpl.java:1005)
	at org.eclipse.e4.core.internal.di.InjectorImpl.internalInject(InjectorImpl.java:137)
	at org.eclipse.e4.core.internal.di.InjectorImpl.internalMake(InjectorImpl.java:412)
	at org.eclipse.e4.core.internal.di.InjectorImpl.make(InjectorImpl.java:345)
	at org.eclipse.e4.core.contexts.ContextInjectionFactory.make(ContextInjectionFactory.java:214)
	at org.eclipse.e4.ui.internal.workbench.ReflectionContributionFactory.createFromBundle(ReflectionContributionFactory.java:108)
	at org.eclipse.e4.ui.internal.workbench.ReflectionContributionFactory.doCreate(ReflectionContributionFactory.java:74)
	at org.eclipse.e4.ui.internal.workbench.ReflectionContributionFactory.create(ReflectionContributionFactory.java:51)
	at org.eclipse.e4.ui.internal.workbench.swt.E4Application.createE4Workbench(E4Application.java:282)
	at org.eclipse.ui.internal.Workbench.lambda$3(Workbench.java:617)
	at org.eclipse.core.databinding.observable.Realm.runWithDefault(Realm.java:336)
	at org.eclipse.ui.internal.Workbench.createAndRunWorkbench(Workbench.java:597)
	at org.eclipse.ui.PlatformUI.createAndRunWorkbench(PlatformUI.java:148)
	at org.eclipse.ui.internal.ide.application.IDEApplication.start(IDEApplication.java:152)
	at org.eclipse.equinox.internal.app.EclipseAppHandle.run(EclipseAppHandle.java:196)
	at org.eclipse.core.runtime.internal.adaptor.EclipseAppLauncher.runApplication(EclipseAppLauncher.java:134)
	at org.eclipse.core.runtime.internal.adaptor.EclipseAppLauncher.start(EclipseAppLauncher.java:104)
	at org.eclipse.core.runtime.adaptor.EclipseStarter.run(EclipseStarter.java:388)
	at org.eclipse.core.runtime.adaptor.EclipseStarter.run(EclipseStarter.java:243)
	at sun.reflect.NativeMethodAccessorImpl.invoke0(Native Method)
	at sun.reflect.NativeMethodAccessorImpl.invoke(Unknown Source)
	at sun.reflect.DelegatingMethodAccessorImpl.invoke(Unknown Source)
	at java.lang.reflect.Method.invoke(Unknown Source)
	at org.eclipse.equinox.launcher.Main.invokeFramework(Main.java:656)
	at org.eclipse.equinox.launcher.Main.basicRun(Main.java:592)
	at org.eclipse.equinox.launcher.Main.run(Main.java:1498)

!ENTRY org.eclipse.e4.ui.workbench 4 0 2019-02-08 14:10:40.931
!MESSAGE Unable to load class 'org.eclipse.e4.ui.workbench.renderers.swt.cocoa.CocoaUIHandler' from bundle '124'
!STACK 0
java.lang.ClassNotFoundException: org.eclipse.e4.ui.workbench.renderers.swt.cocoa.CocoaUIHandler cannot be found by org.eclipse.e4.ui.workbench.renderers.swt_0.14.200.v20180516-2019
	at org.eclipse.osgi.internal.loader.BundleLoader.findClassInternal(BundleLoader.java:508)
	at org.eclipse.osgi.internal.loader.BundleLoader.findClass(BundleLoader.java:419)
	at org.eclipse.osgi.internal.loader.BundleLoader.findClass(BundleLoader.java:411)
	at org.eclipse.osgi.internal.loader.ModuleClassLoader.loadClass(ModuleClassLoader.java:150)
	at java.lang.ClassLoader.loadClass(Unknown Source)
	at org.eclipse.osgi.internal.framework.EquinoxBundle.loadClass(EquinoxBundle.java:609)
	at org.eclipse.e4.ui.internal.workbench.ReflectionContributionFactory.createFromBundle(ReflectionContributionFactory.java:103)
	at org.eclipse.e4.ui.internal.workbench.ReflectionContributionFactory.doCreate(ReflectionContributionFactory.java:74)
	at org.eclipse.e4.ui.internal.workbench.ReflectionContributionFactory.create(ReflectionContributionFactory.java:51)
	at org.eclipse.e4.ui.internal.workbench.swt.E4Application.createE4Workbench(E4Application.java:282)
	at org.eclipse.ui.internal.Workbench.lambda$3(Workbench.java:617)
	at org.eclipse.core.databinding.observable.Realm.runWithDefault(Realm.java:336)
	at org.eclipse.ui.internal.Workbench.createAndRunWorkbench(Workbench.java:597)
	at org.eclipse.ui.PlatformUI.createAndRunWorkbench(PlatformUI.java:148)
	at org.eclipse.ui.internal.ide.application.IDEApplication.start(IDEApplication.java:152)
	at org.eclipse.equinox.internal.app.EclipseAppHandle.run(EclipseAppHandle.java:196)
	at org.eclipse.core.runtime.internal.adaptor.EclipseAppLauncher.runApplication(EclipseAppLauncher.java:134)
	at org.eclipse.core.runtime.internal.adaptor.EclipseAppLauncher.start(EclipseAppLauncher.java:104)
	at org.eclipse.core.runtime.adaptor.EclipseStarter.run(EclipseStarter.java:388)
	at org.eclipse.core.runtime.adaptor.EclipseStarter.run(EclipseStarter.java:243)
	at sun.reflect.NativeMethodAccessorImpl.invoke0(Native Method)
	at sun.reflect.NativeMethodAccessorImpl.invoke(Unknown Source)
	at sun.reflect.DelegatingMethodAccessorImpl.invoke(Unknown Source)
	at java.lang.reflect.Method.invoke(Unknown Source)
	at org.eclipse.equinox.launcher.Main.invokeFramework(Main.java:656)
	at org.eclipse.equinox.launcher.Main.basicRun(Main.java:592)
	at org.eclipse.equinox.launcher.Main.run(Main.java:1498)

!ENTRY org.eclipse.egit.core 2 0 2019-02-08 14:10:48.692
!MESSAGE Builtin LFS support not present/detected
!STACK 0
java.lang.ClassNotFoundException: org.eclipse.jgit.lfs.BuiltinLFS cannot be found by org.eclipse.egit.core_5.0.0.201806131550-r
	at org.eclipse.osgi.internal.loader.BundleLoader.findClassInternal(BundleLoader.java:508)
	at org.eclipse.osgi.internal.loader.BundleLoader.findClass(BundleLoader.java:419)
	at org.eclipse.osgi.internal.loader.BundleLoader.findClass(BundleLoader.java:411)
	at org.eclipse.osgi.internal.loader.ModuleClassLoader.loadClass(ModuleClassLoader.java:150)
	at java.lang.ClassLoader.loadClass(Unknown Source)
	at java.lang.Class.forName0(Native Method)
	at java.lang.Class.forName(Unknown Source)
	at org.eclipse.egit.core.Activator.registerBuiltinLFS(Activator.java:279)
	at org.eclipse.egit.core.Activator.start(Activator.java:212)
	at org.eclipse.osgi.internal.framework.BundleContextImpl$3.run(BundleContextImpl.java:779)
	at org.eclipse.osgi.internal.framework.BundleContextImpl$3.run(BundleContextImpl.java:1)
	at java.security.AccessController.doPrivileged(Native Method)
	at org.eclipse.osgi.internal.framework.BundleContextImpl.startActivator(BundleContextImpl.java:772)
	at org.eclipse.osgi.internal.framework.BundleContextImpl.start(BundleContextImpl.java:729)
	at org.eclipse.osgi.internal.framework.EquinoxBundle.startWorker0(EquinoxBundle.java:1002)
	at org.eclipse.osgi.internal.framework.EquinoxBundle$EquinoxModule.startWorker(EquinoxBundle.java:354)
	at org.eclipse.osgi.container.Module.doStart(Module.java:581)
	at org.eclipse.osgi.container.Module.start(Module.java:449)
	at org.eclipse.osgi.framework.util.SecureAction.start(SecureAction.java:468)
	at org.eclipse.osgi.internal.hooks.EclipseLazyStarter.postFindLocalClass(EclipseLazyStarter.java:114)
	at org.eclipse.osgi.internal.loader.classpath.ClasspathManager.findLocalClass(ClasspathManager.java:505)
	at org.eclipse.osgi.internal.loader.ModuleClassLoader.findLocalClass(ModuleClassLoader.java:328)
	at org.eclipse.osgi.internal.loader.BundleLoader.findLocalClass(BundleLoader.java:392)
	at org.eclipse.osgi.internal.loader.sources.SingleSourcePackage.loadClass(SingleSourcePackage.java:36)
	at org.eclipse.osgi.internal.loader.BundleLoader.findClassInternal(BundleLoader.java:454)
	at org.eclipse.osgi.internal.loader.BundleLoader.findClass(BundleLoader.java:419)
	at org.eclipse.osgi.internal.loader.BundleLoader.findClass(BundleLoader.java:411)
	at org.eclipse.osgi.internal.loader.ModuleClassLoader.loadClass(ModuleClassLoader.java:150)
	at java.lang.ClassLoader.loadClass(Unknown Source)
	at org.eclipse.egit.ui.Activator$RepositoryChangeScanner.<init>(Activator.java:921)
	at org.eclipse.egit.ui.Activator.setupRepoChangeScanner(Activator.java:1034)
	at org.eclipse.egit.ui.Activator.start(Activator.java:336)
	at org.eclipse.osgi.internal.framework.BundleContextImpl$3.run(BundleContextImpl.java:779)
	at org.eclipse.osgi.internal.framework.BundleContextImpl$3.run(BundleContextImpl.java:1)
	at java.security.AccessController.doPrivileged(Native Method)
	at org.eclipse.osgi.internal.framework.BundleContextImpl.startActivator(BundleContextImpl.java:772)
	at org.eclipse.osgi.internal.framework.BundleContextImpl.start(BundleContextImpl.java:729)
	at org.eclipse.osgi.internal.framework.EquinoxBundle.startWorker0(EquinoxBundle.java:1002)
	at org.eclipse.osgi.internal.framework.EquinoxBundle$EquinoxModule.startWorker(EquinoxBundle.java:354)
	at org.eclipse.osgi.container.Module.doStart(Module.java:581)
	at org.eclipse.osgi.container.Module.start(Module.java:449)
	at org.eclipse.osgi.framework.util.SecureAction.start(SecureAction.java:468)
	at org.eclipse.osgi.internal.hooks.EclipseLazyStarter.postFindLocalClass(EclipseLazyStarter.java:114)
	at org.eclipse.osgi.internal.loader.classpath.ClasspathManager.findLocalClass(ClasspathManager.java:505)
	at org.eclipse.osgi.internal.loader.ModuleClassLoader.findLocalClass(ModuleClassLoader.java:328)
	at org.eclipse.osgi.internal.loader.BundleLoader.findLocalClass(BundleLoader.java:392)
	at org.eclipse.osgi.internal.loader.BundleLoader.findClassInternal(BundleLoader.java:470)
	at org.eclipse.osgi.internal.loader.BundleLoader.findClass(BundleLoader.java:419)
	at org.eclipse.osgi.internal.loader.BundleLoader.findClass(BundleLoader.java:411)
	at org.eclipse.osgi.internal.loader.ModuleClassLoader.loadClass(ModuleClassLoader.java:150)
	at java.lang.ClassLoader.loadClass(Unknown Source)
	at org.eclipse.osgi.internal.framework.EquinoxBundle.loadClass(EquinoxBundle.java:609)
	at org.eclipse.core.internal.registry.osgi.RegistryStrategyOSGI.createExecutableExtension(RegistryStrategyOSGI.java:177)
	at org.eclipse.core.internal.registry.ExtensionRegistry.createExecutableExtension(ExtensionRegistry.java:931)
	at org.eclipse.core.internal.registry.ConfigurationElement.createExecutableExtension(ConfigurationElement.java:243)
	at org.eclipse.core.internal.registry.ConfigurationElementHandle.createExecutableExtension(ConfigurationElementHandle.java:60)
	at org.eclipse.ui.internal.services.WorkbenchServiceRegistry.getSourceProviders(WorkbenchServiceRegistry.java:174)
	at org.eclipse.ui.internal.services.SourceProviderService.readRegistry(SourceProviderService.java:104)
	at org.eclipse.ui.internal.Workbench$34.runWithException(Workbench.java:2378)
	at org.eclipse.ui.internal.StartupThreading$StartupRunnable.run(StartupThreading.java:32)
	at org.eclipse.swt.widgets.Synchronizer.syncExec(Synchronizer.java:233)
	at org.eclipse.ui.internal.UISynchronizer.syncExec(UISynchronizer.java:144)
	at org.eclipse.swt.widgets.Display.syncExec(Display.java:4567)
	at org.eclipse.ui.internal.StartupThreading.runWithoutExceptions(StartupThreading.java:95)
	at org.eclipse.ui.internal.Workbench.initializeDefaultServices(Workbench.java:2373)
	at org.eclipse.ui.internal.Workbench.init(Workbench.java:1654)
	at org.eclipse.ui.internal.Workbench.runUI(Workbench.java:2859)
	at org.eclipse.ui.internal.Workbench.lambda$3(Workbench.java:654)
	at org.eclipse.core.databinding.observable.Realm.runWithDefault(Realm.java:336)
	at org.eclipse.ui.internal.Workbench.createAndRunWorkbench(Workbench.java:597)
	at org.eclipse.ui.PlatformUI.createAndRunWorkbench(PlatformUI.java:148)
	at org.eclipse.ui.internal.ide.application.IDEApplication.start(IDEApplication.java:152)
	at org.eclipse.equinox.internal.app.EclipseAppHandle.run(EclipseAppHandle.java:196)
	at org.eclipse.core.runtime.internal.adaptor.EclipseAppLauncher.runApplication(EclipseAppLauncher.java:134)
	at org.eclipse.core.runtime.internal.adaptor.EclipseAppLauncher.start(EclipseAppLauncher.java:104)
	at org.eclipse.core.runtime.adaptor.EclipseStarter.run(EclipseStarter.java:388)
	at org.eclipse.core.runtime.adaptor.EclipseStarter.run(EclipseStarter.java:243)
	at sun.reflect.NativeMethodAccessorImpl.invoke0(Native Method)
	at sun.reflect.NativeMethodAccessorImpl.invoke(Unknown Source)
	at sun.reflect.DelegatingMethodAccessorImpl.invoke(Unknown Source)
	at java.lang.reflect.Method.invoke(Unknown Source)
	at org.eclipse.equinox.launcher.Main.invokeFramework(Main.java:656)
	at org.eclipse.equinox.launcher.Main.basicRun(Main.java:592)
	at org.eclipse.equinox.launcher.Main.run(Main.java:1498)

!ENTRY org.eclipse.egit.ui 2 0 2019-02-08 14:11:22.868
!MESSAGE Warning: The environment variable HOME is not set. The following directory will be used to store the Git
user global configuration and to define the default location to store repositories: 'C:\Users\rcao266'. If this is
not correct please set the HOME environment variable and restart Eclipse. Otherwise Git for Windows and
EGit might behave differently since they see different configuration options.
This warning can be switched off on the Team > Git > Confirmations and Warnings preference page.
!SESSION 2019-02-08 14:18:52.434 -----------------------------------------------
eclipse.buildId=4.8.0.I20180611-0500
java.version=1.8.0_181
java.vendor=Oracle Corporation
BootLoader constants: OS=win32, ARCH=x86_64, WS=win32, NL=en_US
Framework arguments:  -product org.eclipse.epp.package.java.product
Command-line arguments:  -os win32 -ws win32 -arch x86_64 -product org.eclipse.epp.package.java.product

!ENTRY org.eclipse.e4.ui.workbench 4 0 2019-02-08 14:18:54.372
!MESSAGE Unable to load class 'org.eclipse.e4.ui.workbench.renderers.swt.cocoa.ArrangeWindowHandler' from bundle '124'
!STACK 0
java.lang.ClassNotFoundException: org.eclipse.e4.ui.workbench.renderers.swt.cocoa.ArrangeWindowHandler cannot be found by org.eclipse.e4.ui.workbench.renderers.swt_0.14.200.v20180516-2019
	at org.eclipse.osgi.internal.loader.BundleLoader.findClassInternal(BundleLoader.java:508)
	at org.eclipse.osgi.internal.loader.BundleLoader.findClass(BundleLoader.java:419)
	at org.eclipse.osgi.internal.loader.BundleLoader.findClass(BundleLoader.java:411)
	at org.eclipse.osgi.internal.loader.ModuleClassLoader.loadClass(ModuleClassLoader.java:150)
	at java.lang.ClassLoader.loadClass(Unknown Source)
	at org.eclipse.osgi.internal.framework.EquinoxBundle.loadClass(EquinoxBundle.java:609)
	at org.eclipse.e4.ui.internal.workbench.ReflectionContributionFactory.createFromBundle(ReflectionContributionFactory.java:103)
	at org.eclipse.e4.ui.internal.workbench.ReflectionContributionFactory.doCreate(ReflectionContributionFactory.java:74)
	at org.eclipse.e4.ui.internal.workbench.ReflectionContributionFactory.create(ReflectionContributionFactory.java:56)
	at org.eclipse.e4.ui.internal.workbench.addons.HandlerProcessingAddon.processActiveHandler(HandlerProcessingAddon.java:143)
	at org.eclipse.e4.ui.internal.workbench.addons.HandlerProcessingAddon.postConstruct(HandlerProcessingAddon.java:53)
	at sun.reflect.NativeMethodAccessorImpl.invoke0(Native Method)
	at sun.reflect.NativeMethodAccessorImpl.invoke(Unknown Source)
	at sun.reflect.DelegatingMethodAccessorImpl.invoke(Unknown Source)
	at java.lang.reflect.Method.invoke(Unknown Source)
	at org.eclipse.e4.core.internal.di.MethodRequestor.execute(MethodRequestor.java:55)
	at org.eclipse.e4.core.internal.di.InjectorImpl.processAnnotated(InjectorImpl.java:1005)
	at org.eclipse.e4.core.internal.di.InjectorImpl.internalInject(InjectorImpl.java:137)
	at org.eclipse.e4.core.internal.di.InjectorImpl.internalMake(InjectorImpl.java:412)
	at org.eclipse.e4.core.internal.di.InjectorImpl.make(InjectorImpl.java:345)
	at org.eclipse.e4.core.contexts.ContextInjectionFactory.make(ContextInjectionFactory.java:214)
	at org.eclipse.e4.ui.internal.workbench.ReflectionContributionFactory.createFromBundle(ReflectionContributionFactory.java:108)
	at org.eclipse.e4.ui.internal.workbench.ReflectionContributionFactory.doCreate(ReflectionContributionFactory.java:74)
	at org.eclipse.e4.ui.internal.workbench.ReflectionContributionFactory.create(ReflectionContributionFactory.java:51)
	at org.eclipse.e4.ui.internal.workbench.swt.E4Application.createE4Workbench(E4Application.java:282)
	at org.eclipse.ui.internal.Workbench.lambda$3(Workbench.java:617)
	at org.eclipse.core.databinding.observable.Realm.runWithDefault(Realm.java:336)
	at org.eclipse.ui.internal.Workbench.createAndRunWorkbench(Workbench.java:597)
	at org.eclipse.ui.PlatformUI.createAndRunWorkbench(PlatformUI.java:148)
	at org.eclipse.ui.internal.ide.application.IDEApplication.start(IDEApplication.java:152)
	at org.eclipse.equinox.internal.app.EclipseAppHandle.run(EclipseAppHandle.java:196)
	at org.eclipse.core.runtime.internal.adaptor.EclipseAppLauncher.runApplication(EclipseAppLauncher.java:134)
	at org.eclipse.core.runtime.internal.adaptor.EclipseAppLauncher.start(EclipseAppLauncher.java:104)
	at org.eclipse.core.runtime.adaptor.EclipseStarter.run(EclipseStarter.java:388)
	at org.eclipse.core.runtime.adaptor.EclipseStarter.run(EclipseStarter.java:243)
	at sun.reflect.NativeMethodAccessorImpl.invoke0(Native Method)
	at sun.reflect.NativeMethodAccessorImpl.invoke(Unknown Source)
	at sun.reflect.DelegatingMethodAccessorImpl.invoke(Unknown Source)
	at java.lang.reflect.Method.invoke(Unknown Source)
	at org.eclipse.equinox.launcher.Main.invokeFramework(Main.java:656)
	at org.eclipse.equinox.launcher.Main.basicRun(Main.java:592)
	at org.eclipse.equinox.launcher.Main.run(Main.java:1498)

!ENTRY org.eclipse.e4.ui.workbench 4 0 2019-02-08 14:18:54.377
!MESSAGE Unable to load class 'org.eclipse.e4.ui.workbench.renderers.swt.cocoa.MinimizeWindowHandler' from bundle '124'
!STACK 0
java.lang.ClassNotFoundException: org.eclipse.e4.ui.workbench.renderers.swt.cocoa.MinimizeWindowHandler cannot be found by org.eclipse.e4.ui.workbench.renderers.swt_0.14.200.v20180516-2019
	at org.eclipse.osgi.internal.loader.BundleLoader.findClassInternal(BundleLoader.java:508)
	at org.eclipse.osgi.internal.loader.BundleLoader.findClass(BundleLoader.java:419)
	at org.eclipse.osgi.internal.loader.BundleLoader.findClass(BundleLoader.java:411)
	at org.eclipse.osgi.internal.loader.ModuleClassLoader.loadClass(ModuleClassLoader.java:150)
	at java.lang.ClassLoader.loadClass(Unknown Source)
	at org.eclipse.osgi.internal.framework.EquinoxBundle.loadClass(EquinoxBundle.java:609)
	at org.eclipse.e4.ui.internal.workbench.ReflectionContributionFactory.createFromBundle(ReflectionContributionFactory.java:103)
	at org.eclipse.e4.ui.internal.workbench.ReflectionContributionFactory.doCreate(ReflectionContributionFactory.java:74)
	at org.eclipse.e4.ui.internal.workbench.ReflectionContributionFactory.create(ReflectionContributionFactory.java:56)
	at org.eclipse.e4.ui.internal.workbench.addons.HandlerProcessingAddon.processActiveHandler(HandlerProcessingAddon.java:143)
	at org.eclipse.e4.ui.internal.workbench.addons.HandlerProcessingAddon.postConstruct(HandlerProcessingAddon.java:53)
	at sun.reflect.NativeMethodAccessorImpl.invoke0(Native Method)
	at sun.reflect.NativeMethodAccessorImpl.invoke(Unknown Source)
	at sun.reflect.DelegatingMethodAccessorImpl.invoke(Unknown Source)
	at java.lang.reflect.Method.invoke(Unknown Source)
	at org.eclipse.e4.core.internal.di.MethodRequestor.execute(MethodRequestor.java:55)
	at org.eclipse.e4.core.internal.di.InjectorImpl.processAnnotated(InjectorImpl.java:1005)
	at org.eclipse.e4.core.internal.di.InjectorImpl.internalInject(InjectorImpl.java:137)
	at org.eclipse.e4.core.internal.di.InjectorImpl.internalMake(InjectorImpl.java:412)
	at org.eclipse.e4.core.internal.di.InjectorImpl.make(InjectorImpl.java:345)
	at org.eclipse.e4.core.contexts.ContextInjectionFactory.make(ContextInjectionFactory.java:214)
	at org.eclipse.e4.ui.internal.workbench.ReflectionContributionFactory.createFromBundle(ReflectionContributionFactory.java:108)
	at org.eclipse.e4.ui.internal.workbench.ReflectionContributionFactory.doCreate(ReflectionContributionFactory.java:74)
	at org.eclipse.e4.ui.internal.workbench.ReflectionContributionFactory.create(ReflectionContributionFactory.java:51)
	at org.eclipse.e4.ui.internal.workbench.swt.E4Application.createE4Workbench(E4Application.java:282)
	at org.eclipse.ui.internal.Workbench.lambda$3(Workbench.java:617)
	at org.eclipse.core.databinding.observable.Realm.runWithDefault(Realm.java:336)
	at org.eclipse.ui.internal.Workbench.createAndRunWorkbench(Workbench.java:597)
	at org.eclipse.ui.PlatformUI.createAndRunWorkbench(PlatformUI.java:148)
	at org.eclipse.ui.internal.ide.application.IDEApplication.start(IDEApplication.java:152)
	at org.eclipse.equinox.internal.app.EclipseAppHandle.run(EclipseAppHandle.java:196)
	at org.eclipse.core.runtime.internal.adaptor.EclipseAppLauncher.runApplication(EclipseAppLauncher.java:134)
	at org.eclipse.core.runtime.internal.adaptor.EclipseAppLauncher.start(EclipseAppLauncher.java:104)
	at org.eclipse.core.runtime.adaptor.EclipseStarter.run(EclipseStarter.java:388)
	at org.eclipse.core.runtime.adaptor.EclipseStarter.run(EclipseStarter.java:243)
	at sun.reflect.NativeMethodAccessorImpl.invoke0(Native Method)
	at sun.reflect.NativeMethodAccessorImpl.invoke(Unknown Source)
	at sun.reflect.DelegatingMethodAccessorImpl.invoke(Unknown Source)
	at java.lang.reflect.Method.invoke(Unknown Source)
	at org.eclipse.equinox.launcher.Main.invokeFramework(Main.java:656)
	at org.eclipse.equinox.launcher.Main.basicRun(Main.java:592)
	at org.eclipse.equinox.launcher.Main.run(Main.java:1498)

!ENTRY org.eclipse.e4.ui.workbench 4 0 2019-02-08 14:18:54.379
!MESSAGE Unable to load class 'org.eclipse.e4.ui.workbench.renderers.swt.cocoa.FullscreenWindowHandler' from bundle '124'
!STACK 0
java.lang.ClassNotFoundException: org.eclipse.e4.ui.workbench.renderers.swt.cocoa.FullscreenWindowHandler cannot be found by org.eclipse.e4.ui.workbench.renderers.swt_0.14.200.v20180516-2019
	at org.eclipse.osgi.internal.loader.BundleLoader.findClassInternal(BundleLoader.java:508)
	at org.eclipse.osgi.internal.loader.BundleLoader.findClass(BundleLoader.java:419)
	at org.eclipse.osgi.internal.loader.BundleLoader.findClass(BundleLoader.java:411)
	at org.eclipse.osgi.internal.loader.ModuleClassLoader.loadClass(ModuleClassLoader.java:150)
	at java.lang.ClassLoader.loadClass(Unknown Source)
	at org.eclipse.osgi.internal.framework.EquinoxBundle.loadClass(EquinoxBundle.java:609)
	at org.eclipse.e4.ui.internal.workbench.ReflectionContributionFactory.createFromBundle(ReflectionContributionFactory.java:103)
	at org.eclipse.e4.ui.internal.workbench.ReflectionContributionFactory.doCreate(ReflectionContributionFactory.java:74)
	at org.eclipse.e4.ui.internal.workbench.ReflectionContributionFactory.create(ReflectionContributionFactory.java:56)
	at org.eclipse.e4.ui.internal.workbench.addons.HandlerProcessingAddon.processActiveHandler(HandlerProcessingAddon.java:143)
	at org.eclipse.e4.ui.internal.workbench.addons.HandlerProcessingAddon.postConstruct(HandlerProcessingAddon.java:53)
	at sun.reflect.NativeMethodAccessorImpl.invoke0(Native Method)
	at sun.reflect.NativeMethodAccessorImpl.invoke(Unknown Source)
	at sun.reflect.DelegatingMethodAccessorImpl.invoke(Unknown Source)
	at java.lang.reflect.Method.invoke(Unknown Source)
	at org.eclipse.e4.core.internal.di.MethodRequestor.execute(MethodRequestor.java:55)
	at org.eclipse.e4.core.internal.di.InjectorImpl.processAnnotated(InjectorImpl.java:1005)
	at org.eclipse.e4.core.internal.di.InjectorImpl.internalInject(InjectorImpl.java:137)
	at org.eclipse.e4.core.internal.di.InjectorImpl.internalMake(InjectorImpl.java:412)
	at org.eclipse.e4.core.internal.di.InjectorImpl.make(InjectorImpl.java:345)
	at org.eclipse.e4.core.contexts.ContextInjectionFactory.make(ContextInjectionFactory.java:214)
	at org.eclipse.e4.ui.internal.workbench.ReflectionContributionFactory.createFromBundle(ReflectionContributionFactory.java:108)
	at org.eclipse.e4.ui.internal.workbench.ReflectionContributionFactory.doCreate(ReflectionContributionFactory.java:74)
	at org.eclipse.e4.ui.internal.workbench.ReflectionContributionFactory.create(ReflectionContributionFactory.java:51)
	at org.eclipse.e4.ui.internal.workbench.swt.E4Application.createE4Workbench(E4Application.java:282)
	at org.eclipse.ui.internal.Workbench.lambda$3(Workbench.java:617)
	at org.eclipse.core.databinding.observable.Realm.runWithDefault(Realm.java:336)
	at org.eclipse.ui.internal.Workbench.createAndRunWorkbench(Workbench.java:597)
	at org.eclipse.ui.PlatformUI.createAndRunWorkbench(PlatformUI.java:148)
	at org.eclipse.ui.internal.ide.application.IDEApplication.start(IDEApplication.java:152)
	at org.eclipse.equinox.internal.app.EclipseAppHandle.run(EclipseAppHandle.java:196)
	at org.eclipse.core.runtime.internal.adaptor.EclipseAppLauncher.runApplication(EclipseAppLauncher.java:134)
	at org.eclipse.core.runtime.internal.adaptor.EclipseAppLauncher.start(EclipseAppLauncher.java:104)
	at org.eclipse.core.runtime.adaptor.EclipseStarter.run(EclipseStarter.java:388)
	at org.eclipse.core.runtime.adaptor.EclipseStarter.run(EclipseStarter.java:243)
	at sun.reflect.NativeMethodAccessorImpl.invoke0(Native Method)
	at sun.reflect.NativeMethodAccessorImpl.invoke(Unknown Source)
	at sun.reflect.DelegatingMethodAccessorImpl.invoke(Unknown Source)
	at java.lang.reflect.Method.invoke(Unknown Source)
	at org.eclipse.equinox.launcher.Main.invokeFramework(Main.java:656)
	at org.eclipse.equinox.launcher.Main.basicRun(Main.java:592)
	at org.eclipse.equinox.launcher.Main.run(Main.java:1498)

!ENTRY org.eclipse.e4.ui.workbench 4 0 2019-02-08 14:18:54.381
!MESSAGE Unable to load class 'org.eclipse.e4.ui.workbench.renderers.swt.cocoa.ZoomWindowHandler' from bundle '124'
!STACK 0
java.lang.ClassNotFoundException: org.eclipse.e4.ui.workbench.renderers.swt.cocoa.ZoomWindowHandler cannot be found by org.eclipse.e4.ui.workbench.renderers.swt_0.14.200.v20180516-2019
	at org.eclipse.osgi.internal.loader.BundleLoader.findClassInternal(BundleLoader.java:508)
	at org.eclipse.osgi.internal.loader.BundleLoader.findClass(BundleLoader.java:419)
	at org.eclipse.osgi.internal.loader.BundleLoader.findClass(BundleLoader.java:411)
	at org.eclipse.osgi.internal.loader.ModuleClassLoader.loadClass(ModuleClassLoader.java:150)
	at java.lang.ClassLoader.loadClass(Unknown Source)
	at org.eclipse.osgi.internal.framework.EquinoxBundle.loadClass(EquinoxBundle.java:609)
	at org.eclipse.e4.ui.internal.workbench.ReflectionContributionFactory.createFromBundle(ReflectionContributionFactory.java:103)
	at org.eclipse.e4.ui.internal.workbench.ReflectionContributionFactory.doCreate(ReflectionContributionFactory.java:74)
	at org.eclipse.e4.ui.internal.workbench.ReflectionContributionFactory.create(ReflectionContributionFactory.java:56)
	at org.eclipse.e4.ui.internal.workbench.addons.HandlerProcessingAddon.processActiveHandler(HandlerProcessingAddon.java:143)
	at org.eclipse.e4.ui.internal.workbench.addons.HandlerProcessingAddon.postConstruct(HandlerProcessingAddon.java:53)
	at sun.reflect.NativeMethodAccessorImpl.invoke0(Native Method)
	at sun.reflect.NativeMethodAccessorImpl.invoke(Unknown Source)
	at sun.reflect.DelegatingMethodAccessorImpl.invoke(Unknown Source)
	at java.lang.reflect.Method.invoke(Unknown Source)
	at org.eclipse.e4.core.internal.di.MethodRequestor.execute(MethodRequestor.java:55)
	at org.eclipse.e4.core.internal.di.InjectorImpl.processAnnotated(InjectorImpl.java:1005)
	at org.eclipse.e4.core.internal.di.InjectorImpl.internalInject(InjectorImpl.java:137)
	at org.eclipse.e4.core.internal.di.InjectorImpl.internalMake(InjectorImpl.java:412)
	at org.eclipse.e4.core.internal.di.InjectorImpl.make(InjectorImpl.java:345)
	at org.eclipse.e4.core.contexts.ContextInjectionFactory.make(ContextInjectionFactory.java:214)
	at org.eclipse.e4.ui.internal.workbench.ReflectionContributionFactory.createFromBundle(ReflectionContributionFactory.java:108)
	at org.eclipse.e4.ui.internal.workbench.ReflectionContributionFactory.doCreate(ReflectionContributionFactory.java:74)
	at org.eclipse.e4.ui.internal.workbench.ReflectionContributionFactory.create(ReflectionContributionFactory.java:51)
	at org.eclipse.e4.ui.internal.workbench.swt.E4Application.createE4Workbench(E4Application.java:282)
	at org.eclipse.ui.internal.Workbench.lambda$3(Workbench.java:617)
	at org.eclipse.core.databinding.observable.Realm.runWithDefault(Realm.java:336)
	at org.eclipse.ui.internal.Workbench.createAndRunWorkbench(Workbench.java:597)
	at org.eclipse.ui.PlatformUI.createAndRunWorkbench(PlatformUI.java:148)
	at org.eclipse.ui.internal.ide.application.IDEApplication.start(IDEApplication.java:152)
	at org.eclipse.equinox.internal.app.EclipseAppHandle.run(EclipseAppHandle.java:196)
	at org.eclipse.core.runtime.internal.adaptor.EclipseAppLauncher.runApplication(EclipseAppLauncher.java:134)
	at org.eclipse.core.runtime.internal.adaptor.EclipseAppLauncher.start(EclipseAppLauncher.java:104)
	at org.eclipse.core.runtime.adaptor.EclipseStarter.run(EclipseStarter.java:388)
	at org.eclipse.core.runtime.adaptor.EclipseStarter.run(EclipseStarter.java:243)
	at sun.reflect.NativeMethodAccessorImpl.invoke0(Native Method)
	at sun.reflect.NativeMethodAccessorImpl.invoke(Unknown Source)
	at sun.reflect.DelegatingMethodAccessorImpl.invoke(Unknown Source)
	at java.lang.reflect.Method.invoke(Unknown Source)
	at org.eclipse.equinox.launcher.Main.invokeFramework(Main.java:656)
	at org.eclipse.equinox.launcher.Main.basicRun(Main.java:592)
	at org.eclipse.equinox.launcher.Main.run(Main.java:1498)

!ENTRY org.eclipse.e4.ui.workbench 4 0 2019-02-08 14:18:54.382
!MESSAGE Unable to load class 'org.eclipse.e4.ui.workbench.renderers.swt.cocoa.CloseDialogHandler' from bundle '124'
!STACK 0
java.lang.ClassNotFoundException: org.eclipse.e4.ui.workbench.renderers.swt.cocoa.CloseDialogHandler cannot be found by org.eclipse.e4.ui.workbench.renderers.swt_0.14.200.v20180516-2019
	at org.eclipse.osgi.internal.loader.BundleLoader.findClassInternal(BundleLoader.java:508)
	at org.eclipse.osgi.internal.loader.BundleLoader.findClass(BundleLoader.java:419)
	at org.eclipse.osgi.internal.loader.BundleLoader.findClass(BundleLoader.java:411)
	at org.eclipse.osgi.internal.loader.ModuleClassLoader.loadClass(ModuleClassLoader.java:150)
	at java.lang.ClassLoader.loadClass(Unknown Source)
	at org.eclipse.osgi.internal.framework.EquinoxBundle.loadClass(EquinoxBundle.java:609)
	at org.eclipse.e4.ui.internal.workbench.ReflectionContributionFactory.createFromBundle(ReflectionContributionFactory.java:103)
	at org.eclipse.e4.ui.internal.workbench.ReflectionContributionFactory.doCreate(ReflectionContributionFactory.java:74)
	at org.eclipse.e4.ui.internal.workbench.ReflectionContributionFactory.create(ReflectionContributionFactory.java:56)
	at org.eclipse.e4.ui.internal.workbench.addons.HandlerProcessingAddon.processActiveHandler(HandlerProcessingAddon.java:143)
	at org.eclipse.e4.ui.internal.workbench.addons.HandlerProcessingAddon.postConstruct(HandlerProcessingAddon.java:53)
	at sun.reflect.NativeMethodAccessorImpl.invoke0(Native Method)
	at sun.reflect.NativeMethodAccessorImpl.invoke(Unknown Source)
	at sun.reflect.DelegatingMethodAccessorImpl.invoke(Unknown Source)
	at java.lang.reflect.Method.invoke(Unknown Source)
	at org.eclipse.e4.core.internal.di.MethodRequestor.execute(MethodRequestor.java:55)
	at org.eclipse.e4.core.internal.di.InjectorImpl.processAnnotated(InjectorImpl.java:1005)
	at org.eclipse.e4.core.internal.di.InjectorImpl.internalInject(InjectorImpl.java:137)
	at org.eclipse.e4.core.internal.di.InjectorImpl.internalMake(InjectorImpl.java:412)
	at org.eclipse.e4.core.internal.di.InjectorImpl.make(InjectorImpl.java:345)
	at org.eclipse.e4.core.contexts.ContextInjectionFactory.make(ContextInjectionFactory.java:214)
	at org.eclipse.e4.ui.internal.workbench.ReflectionContributionFactory.createFromBundle(ReflectionContributionFactory.java:108)
	at org.eclipse.e4.ui.internal.workbench.ReflectionContributionFactory.doCreate(ReflectionContributionFactory.java:74)
	at org.eclipse.e4.ui.internal.workbench.ReflectionContributionFactory.create(ReflectionContributionFactory.java:51)
	at org.eclipse.e4.ui.internal.workbench.swt.E4Application.createE4Workbench(E4Application.java:282)
	at org.eclipse.ui.internal.Workbench.lambda$3(Workbench.java:617)
	at org.eclipse.core.databinding.observable.Realm.runWithDefault(Realm.java:336)
	at org.eclipse.ui.internal.Workbench.createAndRunWorkbench(Workbench.java:597)
	at org.eclipse.ui.PlatformUI.createAndRunWorkbench(PlatformUI.java:148)
	at org.eclipse.ui.internal.ide.application.IDEApplication.start(IDEApplication.java:152)
	at org.eclipse.equinox.internal.app.EclipseAppHandle.run(EclipseAppHandle.java:196)
	at org.eclipse.core.runtime.internal.adaptor.EclipseAppLauncher.runApplication(EclipseAppLauncher.java:134)
	at org.eclipse.core.runtime.internal.adaptor.EclipseAppLauncher.start(EclipseAppLauncher.java:104)
	at org.eclipse.core.runtime.adaptor.EclipseStarter.run(EclipseStarter.java:388)
	at org.eclipse.core.runtime.adaptor.EclipseStarter.run(EclipseStarter.java:243)
	at sun.reflect.NativeMethodAccessorImpl.invoke0(Native Method)
	at sun.reflect.NativeMethodAccessorImpl.invoke(Unknown Source)
	at sun.reflect.DelegatingMethodAccessorImpl.invoke(Unknown Source)
	at java.lang.reflect.Method.invoke(Unknown Source)
	at org.eclipse.equinox.launcher.Main.invokeFramework(Main.java:656)
	at org.eclipse.equinox.launcher.Main.basicRun(Main.java:592)
	at org.eclipse.equinox.launcher.Main.run(Main.java:1498)

!ENTRY org.eclipse.e4.ui.workbench 4 0 2019-02-08 14:18:54.392
!MESSAGE Unable to load class 'org.eclipse.e4.ui.workbench.renderers.swt.cocoa.CocoaUIHandler' from bundle '124'
!STACK 0
java.lang.ClassNotFoundException: org.eclipse.e4.ui.workbench.renderers.swt.cocoa.CocoaUIHandler cannot be found by org.eclipse.e4.ui.workbench.renderers.swt_0.14.200.v20180516-2019
	at org.eclipse.osgi.internal.loader.BundleLoader.findClassInternal(BundleLoader.java:508)
	at org.eclipse.osgi.internal.loader.BundleLoader.findClass(BundleLoader.java:419)
	at org.eclipse.osgi.internal.loader.BundleLoader.findClass(BundleLoader.java:411)
	at org.eclipse.osgi.internal.loader.ModuleClassLoader.loadClass(ModuleClassLoader.java:150)
	at java.lang.ClassLoader.loadClass(Unknown Source)
	at org.eclipse.osgi.internal.framework.EquinoxBundle.loadClass(EquinoxBundle.java:609)
	at org.eclipse.e4.ui.internal.workbench.ReflectionContributionFactory.createFromBundle(ReflectionContributionFactory.java:103)
	at org.eclipse.e4.ui.internal.workbench.ReflectionContributionFactory.doCreate(ReflectionContributionFactory.java:74)
	at org.eclipse.e4.ui.internal.workbench.ReflectionContributionFactory.create(ReflectionContributionFactory.java:51)
	at org.eclipse.e4.ui.internal.workbench.swt.E4Application.createE4Workbench(E4Application.java:282)
	at org.eclipse.ui.internal.Workbench.lambda$3(Workbench.java:617)
	at org.eclipse.core.databinding.observable.Realm.runWithDefault(Realm.java:336)
	at org.eclipse.ui.internal.Workbench.createAndRunWorkbench(Workbench.java:597)
	at org.eclipse.ui.PlatformUI.createAndRunWorkbench(PlatformUI.java:148)
	at org.eclipse.ui.internal.ide.application.IDEApplication.start(IDEApplication.java:152)
	at org.eclipse.equinox.internal.app.EclipseAppHandle.run(EclipseAppHandle.java:196)
	at org.eclipse.core.runtime.internal.adaptor.EclipseAppLauncher.runApplication(EclipseAppLauncher.java:134)
	at org.eclipse.core.runtime.internal.adaptor.EclipseAppLauncher.start(EclipseAppLauncher.java:104)
	at org.eclipse.core.runtime.adaptor.EclipseStarter.run(EclipseStarter.java:388)
	at org.eclipse.core.runtime.adaptor.EclipseStarter.run(EclipseStarter.java:243)
	at sun.reflect.NativeMethodAccessorImpl.invoke0(Native Method)
	at sun.reflect.NativeMethodAccessorImpl.invoke(Unknown Source)
	at sun.reflect.DelegatingMethodAccessorImpl.invoke(Unknown Source)
	at java.lang.reflect.Method.invoke(Unknown Source)
	at org.eclipse.equinox.launcher.Main.invokeFramework(Main.java:656)
	at org.eclipse.equinox.launcher.Main.basicRun(Main.java:592)
	at org.eclipse.equinox.launcher.Main.run(Main.java:1498)

!ENTRY org.eclipse.egit.core 2 0 2019-02-08 14:18:54.880
!MESSAGE Builtin LFS support not present/detected
!STACK 0
java.lang.ClassNotFoundException: org.eclipse.jgit.lfs.BuiltinLFS cannot be found by org.eclipse.egit.core_5.0.0.201806131550-r
	at org.eclipse.osgi.internal.loader.BundleLoader.findClassInternal(BundleLoader.java:508)
	at org.eclipse.osgi.internal.loader.BundleLoader.findClass(BundleLoader.java:419)
	at org.eclipse.osgi.internal.loader.BundleLoader.findClass(BundleLoader.java:411)
	at org.eclipse.osgi.internal.loader.ModuleClassLoader.loadClass(ModuleClassLoader.java:150)
	at java.lang.ClassLoader.loadClass(Unknown Source)
	at java.lang.Class.forName0(Native Method)
	at java.lang.Class.forName(Unknown Source)
	at org.eclipse.egit.core.Activator.registerBuiltinLFS(Activator.java:279)
	at org.eclipse.egit.core.Activator.start(Activator.java:212)
	at org.eclipse.osgi.internal.framework.BundleContextImpl$3.run(BundleContextImpl.java:779)
	at org.eclipse.osgi.internal.framework.BundleContextImpl$3.run(BundleContextImpl.java:1)
	at java.security.AccessController.doPrivileged(Native Method)
	at org.eclipse.osgi.internal.framework.BundleContextImpl.startActivator(BundleContextImpl.java:772)
	at org.eclipse.osgi.internal.framework.BundleContextImpl.start(BundleContextImpl.java:729)
	at org.eclipse.osgi.internal.framework.EquinoxBundle.startWorker0(EquinoxBundle.java:1002)
	at org.eclipse.osgi.internal.framework.EquinoxBundle$EquinoxModule.startWorker(EquinoxBundle.java:354)
	at org.eclipse.osgi.container.Module.doStart(Module.java:581)
	at org.eclipse.osgi.container.Module.start(Module.java:449)
	at org.eclipse.osgi.framework.util.SecureAction.start(SecureAction.java:468)
	at org.eclipse.osgi.internal.hooks.EclipseLazyStarter.postFindLocalClass(EclipseLazyStarter.java:114)
	at org.eclipse.osgi.internal.loader.classpath.ClasspathManager.findLocalClass(ClasspathManager.java:505)
	at org.eclipse.osgi.internal.loader.ModuleClassLoader.findLocalClass(ModuleClassLoader.java:328)
	at org.eclipse.osgi.internal.loader.BundleLoader.findLocalClass(BundleLoader.java:392)
	at org.eclipse.osgi.internal.loader.sources.SingleSourcePackage.loadClass(SingleSourcePackage.java:36)
	at org.eclipse.osgi.internal.loader.BundleLoader.findClassInternal(BundleLoader.java:454)
	at org.eclipse.osgi.internal.loader.BundleLoader.findClass(BundleLoader.java:419)
	at org.eclipse.osgi.internal.loader.BundleLoader.findClass(BundleLoader.java:411)
	at org.eclipse.osgi.internal.loader.ModuleClassLoader.loadClass(ModuleClassLoader.java:150)
	at java.lang.ClassLoader.loadClass(Unknown Source)
	at org.eclipse.egit.ui.Activator$RepositoryChangeScanner.<init>(Activator.java:921)
	at org.eclipse.egit.ui.Activator.setupRepoChangeScanner(Activator.java:1034)
	at org.eclipse.egit.ui.Activator.start(Activator.java:336)
	at org.eclipse.osgi.internal.framework.BundleContextImpl$3.run(BundleContextImpl.java:779)
	at org.eclipse.osgi.internal.framework.BundleContextImpl$3.run(BundleContextImpl.java:1)
	at java.security.AccessController.doPrivileged(Native Method)
	at org.eclipse.osgi.internal.framework.BundleContextImpl.startActivator(BundleContextImpl.java:772)
	at org.eclipse.osgi.internal.framework.BundleContextImpl.start(BundleContextImpl.java:729)
	at org.eclipse.osgi.internal.framework.EquinoxBundle.startWorker0(EquinoxBundle.java:1002)
	at org.eclipse.osgi.internal.framework.EquinoxBundle$EquinoxModule.startWorker(EquinoxBundle.java:354)
	at org.eclipse.osgi.container.Module.doStart(Module.java:581)
	at org.eclipse.osgi.container.Module.start(Module.java:449)
	at org.eclipse.osgi.framework.util.SecureAction.start(SecureAction.java:468)
	at org.eclipse.osgi.internal.hooks.EclipseLazyStarter.postFindLocalClass(EclipseLazyStarter.java:114)
	at org.eclipse.osgi.internal.loader.classpath.ClasspathManager.findLocalClass(ClasspathManager.java:505)
	at org.eclipse.osgi.internal.loader.ModuleClassLoader.findLocalClass(ModuleClassLoader.java:328)
	at org.eclipse.osgi.internal.loader.BundleLoader.findLocalClass(BundleLoader.java:392)
	at org.eclipse.osgi.internal.loader.BundleLoader.findClassInternal(BundleLoader.java:470)
	at org.eclipse.osgi.internal.loader.BundleLoader.findClass(BundleLoader.java:419)
	at org.eclipse.osgi.internal.loader.BundleLoader.findClass(BundleLoader.java:411)
	at org.eclipse.osgi.internal.loader.ModuleClassLoader.loadClass(ModuleClassLoader.java:150)
	at java.lang.ClassLoader.loadClass(Unknown Source)
	at org.eclipse.osgi.internal.framework.EquinoxBundle.loadClass(EquinoxBundle.java:609)
	at org.eclipse.core.internal.registry.osgi.RegistryStrategyOSGI.createExecutableExtension(RegistryStrategyOSGI.java:177)
	at org.eclipse.core.internal.registry.ExtensionRegistry.createExecutableExtension(ExtensionRegistry.java:931)
	at org.eclipse.core.internal.registry.ConfigurationElement.createExecutableExtension(ConfigurationElement.java:243)
	at org.eclipse.core.internal.registry.ConfigurationElementHandle.createExecutableExtension(ConfigurationElementHandle.java:60)
	at org.eclipse.ui.internal.services.WorkbenchServiceRegistry.getSourceProviders(WorkbenchServiceRegistry.java:174)
	at org.eclipse.ui.internal.services.SourceProviderService.readRegistry(SourceProviderService.java:104)
	at org.eclipse.ui.internal.Workbench$34.runWithException(Workbench.java:2378)
	at org.eclipse.ui.internal.StartupThreading$StartupRunnable.run(StartupThreading.java:32)
	at org.eclipse.swt.widgets.Synchronizer.syncExec(Synchronizer.java:233)
	at org.eclipse.ui.internal.UISynchronizer.syncExec(UISynchronizer.java:144)
	at org.eclipse.swt.widgets.Display.syncExec(Display.java:4567)
	at org.eclipse.ui.internal.StartupThreading.runWithoutExceptions(StartupThreading.java:95)
	at org.eclipse.ui.internal.Workbench.initializeDefaultServices(Workbench.java:2373)
	at org.eclipse.ui.internal.Workbench.init(Workbench.java:1654)
	at org.eclipse.ui.internal.Workbench.runUI(Workbench.java:2859)
	at org.eclipse.ui.internal.Workbench.lambda$3(Workbench.java:654)
	at org.eclipse.core.databinding.observable.Realm.runWithDefault(Realm.java:336)
	at org.eclipse.ui.internal.Workbench.createAndRunWorkbench(Workbench.java:597)
	at org.eclipse.ui.PlatformUI.createAndRunWorkbench(PlatformUI.java:148)
	at org.eclipse.ui.internal.ide.application.IDEApplication.start(IDEApplication.java:152)
	at org.eclipse.equinox.internal.app.EclipseAppHandle.run(EclipseAppHandle.java:196)
	at org.eclipse.core.runtime.internal.adaptor.EclipseAppLauncher.runApplication(EclipseAppLauncher.java:134)
	at org.eclipse.core.runtime.internal.adaptor.EclipseAppLauncher.start(EclipseAppLauncher.java:104)
	at org.eclipse.core.runtime.adaptor.EclipseStarter.run(EclipseStarter.java:388)
	at org.eclipse.core.runtime.adaptor.EclipseStarter.run(EclipseStarter.java:243)
	at sun.reflect.NativeMethodAccessorImpl.invoke0(Native Method)
	at sun.reflect.NativeMethodAccessorImpl.invoke(Unknown Source)
	at sun.reflect.DelegatingMethodAccessorImpl.invoke(Unknown Source)
	at java.lang.reflect.Method.invoke(Unknown Source)
	at org.eclipse.equinox.launcher.Main.invokeFramework(Main.java:656)
	at org.eclipse.equinox.launcher.Main.basicRun(Main.java:592)
	at org.eclipse.equinox.launcher.Main.run(Main.java:1498)

!ENTRY org.eclipse.egit.ui 2 0 2019-02-08 14:19:00.764
!MESSAGE Warning: The environment variable HOME is not set. The following directory will be used to store the Git
user global configuration and to define the default location to store repositories: 'C:\Users\rcao266'. If this is
not correct please set the HOME environment variable and restart Eclipse. Otherwise Git for Windows and
EGit might behave differently since they see different configuration options.
This warning can be switched off on the Team > Git > Confirmations and Warnings preference page.

!ENTRY org.python.pydev.shared_core 4 4 2019-02-08 14:22:51.517
!MESSAGE Info: Rebuilding internal caches: C:\Users\rcao266\Dropbox\workspacePython\.metadata\.plugins\org.eclipse.core.resources\.projects\Blackjack Project\com.python.pydev.analysis\AdditionalProjectInterpreterInfo.pydevinfo (Expected error to be provided and got no error!)
!SESSION 2019-02-11 13:52:31.970 -----------------------------------------------
eclipse.buildId=4.8.0.I20180611-0500
java.version=1.8.0_181
java.vendor=Oracle Corporation
BootLoader constants: OS=win32, ARCH=x86_64, WS=win32, NL=en_US
Framework arguments:  -product org.eclipse.epp.package.java.product
Command-line arguments:  -os win32 -ws win32 -arch x86_64 -product org.eclipse.epp.package.java.product

!ENTRY org.eclipse.e4.ui.workbench 4 0 2019-02-11 13:52:35.011
!MESSAGE Unable to load class 'org.eclipse.e4.ui.workbench.renderers.swt.cocoa.ArrangeWindowHandler' from bundle '124'
!STACK 0
java.lang.ClassNotFoundException: org.eclipse.e4.ui.workbench.renderers.swt.cocoa.ArrangeWindowHandler cannot be found by org.eclipse.e4.ui.workbench.renderers.swt_0.14.200.v20180516-2019
	at org.eclipse.osgi.internal.loader.BundleLoader.findClassInternal(BundleLoader.java:508)
	at org.eclipse.osgi.internal.loader.BundleLoader.findClass(BundleLoader.java:419)
	at org.eclipse.osgi.internal.loader.BundleLoader.findClass(BundleLoader.java:411)
	at org.eclipse.osgi.internal.loader.ModuleClassLoader.loadClass(ModuleClassLoader.java:150)
	at java.lang.ClassLoader.loadClass(Unknown Source)
	at org.eclipse.osgi.internal.framework.EquinoxBundle.loadClass(EquinoxBundle.java:609)
	at org.eclipse.e4.ui.internal.workbench.ReflectionContributionFactory.createFromBundle(ReflectionContributionFactory.java:103)
	at org.eclipse.e4.ui.internal.workbench.ReflectionContributionFactory.doCreate(ReflectionContributionFactory.java:74)
	at org.eclipse.e4.ui.internal.workbench.ReflectionContributionFactory.create(ReflectionContributionFactory.java:56)
	at org.eclipse.e4.ui.internal.workbench.addons.HandlerProcessingAddon.processActiveHandler(HandlerProcessingAddon.java:143)
	at org.eclipse.e4.ui.internal.workbench.addons.HandlerProcessingAddon.postConstruct(HandlerProcessingAddon.java:53)
	at sun.reflect.NativeMethodAccessorImpl.invoke0(Native Method)
	at sun.reflect.NativeMethodAccessorImpl.invoke(Unknown Source)
	at sun.reflect.DelegatingMethodAccessorImpl.invoke(Unknown Source)
	at java.lang.reflect.Method.invoke(Unknown Source)
	at org.eclipse.e4.core.internal.di.MethodRequestor.execute(MethodRequestor.java:55)
	at org.eclipse.e4.core.internal.di.InjectorImpl.processAnnotated(InjectorImpl.java:1005)
	at org.eclipse.e4.core.internal.di.InjectorImpl.internalInject(InjectorImpl.java:137)
	at org.eclipse.e4.core.internal.di.InjectorImpl.internalMake(InjectorImpl.java:412)
	at org.eclipse.e4.core.internal.di.InjectorImpl.make(InjectorImpl.java:345)
	at org.eclipse.e4.core.contexts.ContextInjectionFactory.make(ContextInjectionFactory.java:214)
	at org.eclipse.e4.ui.internal.workbench.ReflectionContributionFactory.createFromBundle(ReflectionContributionFactory.java:108)
	at org.eclipse.e4.ui.internal.workbench.ReflectionContributionFactory.doCreate(ReflectionContributionFactory.java:74)
	at org.eclipse.e4.ui.internal.workbench.ReflectionContributionFactory.create(ReflectionContributionFactory.java:51)
	at org.eclipse.e4.ui.internal.workbench.swt.E4Application.createE4Workbench(E4Application.java:282)
	at org.eclipse.ui.internal.Workbench.lambda$3(Workbench.java:617)
	at org.eclipse.core.databinding.observable.Realm.runWithDefault(Realm.java:336)
	at org.eclipse.ui.internal.Workbench.createAndRunWorkbench(Workbench.java:597)
	at org.eclipse.ui.PlatformUI.createAndRunWorkbench(PlatformUI.java:148)
	at org.eclipse.ui.internal.ide.application.IDEApplication.start(IDEApplication.java:152)
	at org.eclipse.equinox.internal.app.EclipseAppHandle.run(EclipseAppHandle.java:196)
	at org.eclipse.core.runtime.internal.adaptor.EclipseAppLauncher.runApplication(EclipseAppLauncher.java:134)
	at org.eclipse.core.runtime.internal.adaptor.EclipseAppLauncher.start(EclipseAppLauncher.java:104)
	at org.eclipse.core.runtime.adaptor.EclipseStarter.run(EclipseStarter.java:388)
	at org.eclipse.core.runtime.adaptor.EclipseStarter.run(EclipseStarter.java:243)
	at sun.reflect.NativeMethodAccessorImpl.invoke0(Native Method)
	at sun.reflect.NativeMethodAccessorImpl.invoke(Unknown Source)
	at sun.reflect.DelegatingMethodAccessorImpl.invoke(Unknown Source)
	at java.lang.reflect.Method.invoke(Unknown Source)
	at org.eclipse.equinox.launcher.Main.invokeFramework(Main.java:656)
	at org.eclipse.equinox.launcher.Main.basicRun(Main.java:592)
	at org.eclipse.equinox.launcher.Main.run(Main.java:1498)

!ENTRY org.eclipse.e4.ui.workbench 4 0 2019-02-11 13:52:35.017
!MESSAGE Unable to load class 'org.eclipse.e4.ui.workbench.renderers.swt.cocoa.MinimizeWindowHandler' from bundle '124'
!STACK 0
java.lang.ClassNotFoundException: org.eclipse.e4.ui.workbench.renderers.swt.cocoa.MinimizeWindowHandler cannot be found by org.eclipse.e4.ui.workbench.renderers.swt_0.14.200.v20180516-2019
	at org.eclipse.osgi.internal.loader.BundleLoader.findClassInternal(BundleLoader.java:508)
	at org.eclipse.osgi.internal.loader.BundleLoader.findClass(BundleLoader.java:419)
	at org.eclipse.osgi.internal.loader.BundleLoader.findClass(BundleLoader.java:411)
	at org.eclipse.osgi.internal.loader.ModuleClassLoader.loadClass(ModuleClassLoader.java:150)
	at java.lang.ClassLoader.loadClass(Unknown Source)
	at org.eclipse.osgi.internal.framework.EquinoxBundle.loadClass(EquinoxBundle.java:609)
	at org.eclipse.e4.ui.internal.workbench.ReflectionContributionFactory.createFromBundle(ReflectionContributionFactory.java:103)
	at org.eclipse.e4.ui.internal.workbench.ReflectionContributionFactory.doCreate(ReflectionContributionFactory.java:74)
	at org.eclipse.e4.ui.internal.workbench.ReflectionContributionFactory.create(ReflectionContributionFactory.java:56)
	at org.eclipse.e4.ui.internal.workbench.addons.HandlerProcessingAddon.processActiveHandler(HandlerProcessingAddon.java:143)
	at org.eclipse.e4.ui.internal.workbench.addons.HandlerProcessingAddon.postConstruct(HandlerProcessingAddon.java:53)
	at sun.reflect.NativeMethodAccessorImpl.invoke0(Native Method)
	at sun.reflect.NativeMethodAccessorImpl.invoke(Unknown Source)
	at sun.reflect.DelegatingMethodAccessorImpl.invoke(Unknown Source)
	at java.lang.reflect.Method.invoke(Unknown Source)
	at org.eclipse.e4.core.internal.di.MethodRequestor.execute(MethodRequestor.java:55)
	at org.eclipse.e4.core.internal.di.InjectorImpl.processAnnotated(InjectorImpl.java:1005)
	at org.eclipse.e4.core.internal.di.InjectorImpl.internalInject(InjectorImpl.java:137)
	at org.eclipse.e4.core.internal.di.InjectorImpl.internalMake(InjectorImpl.java:412)
	at org.eclipse.e4.core.internal.di.InjectorImpl.make(InjectorImpl.java:345)
	at org.eclipse.e4.core.contexts.ContextInjectionFactory.make(ContextInjectionFactory.java:214)
	at org.eclipse.e4.ui.internal.workbench.ReflectionContributionFactory.createFromBundle(ReflectionContributionFactory.java:108)
	at org.eclipse.e4.ui.internal.workbench.ReflectionContributionFactory.doCreate(ReflectionContributionFactory.java:74)
	at org.eclipse.e4.ui.internal.workbench.ReflectionContributionFactory.create(ReflectionContributionFactory.java:51)
	at org.eclipse.e4.ui.internal.workbench.swt.E4Application.createE4Workbench(E4Application.java:282)
	at org.eclipse.ui.internal.Workbench.lambda$3(Workbench.java:617)
	at org.eclipse.core.databinding.observable.Realm.runWithDefault(Realm.java:336)
	at org.eclipse.ui.internal.Workbench.createAndRunWorkbench(Workbench.java:597)
	at org.eclipse.ui.PlatformUI.createAndRunWorkbench(PlatformUI.java:148)
	at org.eclipse.ui.internal.ide.application.IDEApplication.start(IDEApplication.java:152)
	at org.eclipse.equinox.internal.app.EclipseAppHandle.run(EclipseAppHandle.java:196)
	at org.eclipse.core.runtime.internal.adaptor.EclipseAppLauncher.runApplication(EclipseAppLauncher.java:134)
	at org.eclipse.core.runtime.internal.adaptor.EclipseAppLauncher.start(EclipseAppLauncher.java:104)
	at org.eclipse.core.runtime.adaptor.EclipseStarter.run(EclipseStarter.java:388)
	at org.eclipse.core.runtime.adaptor.EclipseStarter.run(EclipseStarter.java:243)
	at sun.reflect.NativeMethodAccessorImpl.invoke0(Native Method)
	at sun.reflect.NativeMethodAccessorImpl.invoke(Unknown Source)
	at sun.reflect.DelegatingMethodAccessorImpl.invoke(Unknown Source)
	at java.lang.reflect.Method.invoke(Unknown Source)
	at org.eclipse.equinox.launcher.Main.invokeFramework(Main.java:656)
	at org.eclipse.equinox.launcher.Main.basicRun(Main.java:592)
	at org.eclipse.equinox.launcher.Main.run(Main.java:1498)

!ENTRY org.eclipse.e4.ui.workbench 4 0 2019-02-11 13:52:35.020
!MESSAGE Unable to load class 'org.eclipse.e4.ui.workbench.renderers.swt.cocoa.FullscreenWindowHandler' from bundle '124'
!STACK 0
java.lang.ClassNotFoundException: org.eclipse.e4.ui.workbench.renderers.swt.cocoa.FullscreenWindowHandler cannot be found by org.eclipse.e4.ui.workbench.renderers.swt_0.14.200.v20180516-2019
	at org.eclipse.osgi.internal.loader.BundleLoader.findClassInternal(BundleLoader.java:508)
	at org.eclipse.osgi.internal.loader.BundleLoader.findClass(BundleLoader.java:419)
	at org.eclipse.osgi.internal.loader.BundleLoader.findClass(BundleLoader.java:411)
	at org.eclipse.osgi.internal.loader.ModuleClassLoader.loadClass(ModuleClassLoader.java:150)
	at java.lang.ClassLoader.loadClass(Unknown Source)
	at org.eclipse.osgi.internal.framework.EquinoxBundle.loadClass(EquinoxBundle.java:609)
	at org.eclipse.e4.ui.internal.workbench.ReflectionContributionFactory.createFromBundle(ReflectionContributionFactory.java:103)
	at org.eclipse.e4.ui.internal.workbench.ReflectionContributionFactory.doCreate(ReflectionContributionFactory.java:74)
	at org.eclipse.e4.ui.internal.workbench.ReflectionContributionFactory.create(ReflectionContributionFactory.java:56)
	at org.eclipse.e4.ui.internal.workbench.addons.HandlerProcessingAddon.processActiveHandler(HandlerProcessingAddon.java:143)
	at org.eclipse.e4.ui.internal.workbench.addons.HandlerProcessingAddon.postConstruct(HandlerProcessingAddon.java:53)
	at sun.reflect.NativeMethodAccessorImpl.invoke0(Native Method)
	at sun.reflect.NativeMethodAccessorImpl.invoke(Unknown Source)
	at sun.reflect.DelegatingMethodAccessorImpl.invoke(Unknown Source)
	at java.lang.reflect.Method.invoke(Unknown Source)
	at org.eclipse.e4.core.internal.di.MethodRequestor.execute(MethodRequestor.java:55)
	at org.eclipse.e4.core.internal.di.InjectorImpl.processAnnotated(InjectorImpl.java:1005)
	at org.eclipse.e4.core.internal.di.InjectorImpl.internalInject(InjectorImpl.java:137)
	at org.eclipse.e4.core.internal.di.InjectorImpl.internalMake(InjectorImpl.java:412)
	at org.eclipse.e4.core.internal.di.InjectorImpl.make(InjectorImpl.java:345)
	at org.eclipse.e4.core.contexts.ContextInjectionFactory.make(ContextInjectionFactory.java:214)
	at org.eclipse.e4.ui.internal.workbench.ReflectionContributionFactory.createFromBundle(ReflectionContributionFactory.java:108)
	at org.eclipse.e4.ui.internal.workbench.ReflectionContributionFactory.doCreate(ReflectionContributionFactory.java:74)
	at org.eclipse.e4.ui.internal.workbench.ReflectionContributionFactory.create(ReflectionContributionFactory.java:51)
	at org.eclipse.e4.ui.internal.workbench.swt.E4Application.createE4Workbench(E4Application.java:282)
	at org.eclipse.ui.internal.Workbench.lambda$3(Workbench.java:617)
	at org.eclipse.core.databinding.observable.Realm.runWithDefault(Realm.java:336)
	at org.eclipse.ui.internal.Workbench.createAndRunWorkbench(Workbench.java:597)
	at org.eclipse.ui.PlatformUI.createAndRunWorkbench(PlatformUI.java:148)
	at org.eclipse.ui.internal.ide.application.IDEApplication.start(IDEApplication.java:152)
	at org.eclipse.equinox.internal.app.EclipseAppHandle.run(EclipseAppHandle.java:196)
	at org.eclipse.core.runtime.internal.adaptor.EclipseAppLauncher.runApplication(EclipseAppLauncher.java:134)
	at org.eclipse.core.runtime.internal.adaptor.EclipseAppLauncher.start(EclipseAppLauncher.java:104)
	at org.eclipse.core.runtime.adaptor.EclipseStarter.run(EclipseStarter.java:388)
	at org.eclipse.core.runtime.adaptor.EclipseStarter.run(EclipseStarter.java:243)
	at sun.reflect.NativeMethodAccessorImpl.invoke0(Native Method)
	at sun.reflect.NativeMethodAccessorImpl.invoke(Unknown Source)
	at sun.reflect.DelegatingMethodAccessorImpl.invoke(Unknown Source)
	at java.lang.reflect.Method.invoke(Unknown Source)
	at org.eclipse.equinox.launcher.Main.invokeFramework(Main.java:656)
	at org.eclipse.equinox.launcher.Main.basicRun(Main.java:592)
	at org.eclipse.equinox.launcher.Main.run(Main.java:1498)

!ENTRY org.eclipse.e4.ui.workbench 4 0 2019-02-11 13:52:35.022
!MESSAGE Unable to load class 'org.eclipse.e4.ui.workbench.renderers.swt.cocoa.ZoomWindowHandler' from bundle '124'
!STACK 0
java.lang.ClassNotFoundException: org.eclipse.e4.ui.workbench.renderers.swt.cocoa.ZoomWindowHandler cannot be found by org.eclipse.e4.ui.workbench.renderers.swt_0.14.200.v20180516-2019
	at org.eclipse.osgi.internal.loader.BundleLoader.findClassInternal(BundleLoader.java:508)
	at org.eclipse.osgi.internal.loader.BundleLoader.findClass(BundleLoader.java:419)
	at org.eclipse.osgi.internal.loader.BundleLoader.findClass(BundleLoader.java:411)
	at org.eclipse.osgi.internal.loader.ModuleClassLoader.loadClass(ModuleClassLoader.java:150)
	at java.lang.ClassLoader.loadClass(Unknown Source)
	at org.eclipse.osgi.internal.framework.EquinoxBundle.loadClass(EquinoxBundle.java:609)
	at org.eclipse.e4.ui.internal.workbench.ReflectionContributionFactory.createFromBundle(ReflectionContributionFactory.java:103)
	at org.eclipse.e4.ui.internal.workbench.ReflectionContributionFactory.doCreate(ReflectionContributionFactory.java:74)
	at org.eclipse.e4.ui.internal.workbench.ReflectionContributionFactory.create(ReflectionContributionFactory.java:56)
	at org.eclipse.e4.ui.internal.workbench.addons.HandlerProcessingAddon.processActiveHandler(HandlerProcessingAddon.java:143)
	at org.eclipse.e4.ui.internal.workbench.addons.HandlerProcessingAddon.postConstruct(HandlerProcessingAddon.java:53)
	at sun.reflect.NativeMethodAccessorImpl.invoke0(Native Method)
	at sun.reflect.NativeMethodAccessorImpl.invoke(Unknown Source)
	at sun.reflect.DelegatingMethodAccessorImpl.invoke(Unknown Source)
	at java.lang.reflect.Method.invoke(Unknown Source)
	at org.eclipse.e4.core.internal.di.MethodRequestor.execute(MethodRequestor.java:55)
	at org.eclipse.e4.core.internal.di.InjectorImpl.processAnnotated(InjectorImpl.java:1005)
	at org.eclipse.e4.core.internal.di.InjectorImpl.internalInject(InjectorImpl.java:137)
	at org.eclipse.e4.core.internal.di.InjectorImpl.internalMake(InjectorImpl.java:412)
	at org.eclipse.e4.core.internal.di.InjectorImpl.make(InjectorImpl.java:345)
	at org.eclipse.e4.core.contexts.ContextInjectionFactory.make(ContextInjectionFactory.java:214)
	at org.eclipse.e4.ui.internal.workbench.ReflectionContributionFactory.createFromBundle(ReflectionContributionFactory.java:108)
	at org.eclipse.e4.ui.internal.workbench.ReflectionContributionFactory.doCreate(ReflectionContributionFactory.java:74)
	at org.eclipse.e4.ui.internal.workbench.ReflectionContributionFactory.create(ReflectionContributionFactory.java:51)
	at org.eclipse.e4.ui.internal.workbench.swt.E4Application.createE4Workbench(E4Application.java:282)
	at org.eclipse.ui.internal.Workbench.lambda$3(Workbench.java:617)
	at org.eclipse.core.databinding.observable.Realm.runWithDefault(Realm.java:336)
	at org.eclipse.ui.internal.Workbench.createAndRunWorkbench(Workbench.java:597)
	at org.eclipse.ui.PlatformUI.createAndRunWorkbench(PlatformUI.java:148)
	at org.eclipse.ui.internal.ide.application.IDEApplication.start(IDEApplication.java:152)
	at org.eclipse.equinox.internal.app.EclipseAppHandle.run(EclipseAppHandle.java:196)
	at org.eclipse.core.runtime.internal.adaptor.EclipseAppLauncher.runApplication(EclipseAppLauncher.java:134)
	at org.eclipse.core.runtime.internal.adaptor.EclipseAppLauncher.start(EclipseAppLauncher.java:104)
	at org.eclipse.core.runtime.adaptor.EclipseStarter.run(EclipseStarter.java:388)
	at org.eclipse.core.runtime.adaptor.EclipseStarter.run(EclipseStarter.java:243)
	at sun.reflect.NativeMethodAccessorImpl.invoke0(Native Method)
	at sun.reflect.NativeMethodAccessorImpl.invoke(Unknown Source)
	at sun.reflect.DelegatingMethodAccessorImpl.invoke(Unknown Source)
	at java.lang.reflect.Method.invoke(Unknown Source)
	at org.eclipse.equinox.launcher.Main.invokeFramework(Main.java:656)
	at org.eclipse.equinox.launcher.Main.basicRun(Main.java:592)
	at org.eclipse.equinox.launcher.Main.run(Main.java:1498)

!ENTRY org.eclipse.e4.ui.workbench 4 0 2019-02-11 13:52:35.027
!MESSAGE Unable to load class 'org.eclipse.e4.ui.workbench.renderers.swt.cocoa.CloseDialogHandler' from bundle '124'
!STACK 0
java.lang.ClassNotFoundException: org.eclipse.e4.ui.workbench.renderers.swt.cocoa.CloseDialogHandler cannot be found by org.eclipse.e4.ui.workbench.renderers.swt_0.14.200.v20180516-2019
	at org.eclipse.osgi.internal.loader.BundleLoader.findClassInternal(BundleLoader.java:508)
	at org.eclipse.osgi.internal.loader.BundleLoader.findClass(BundleLoader.java:419)
	at org.eclipse.osgi.internal.loader.BundleLoader.findClass(BundleLoader.java:411)
	at org.eclipse.osgi.internal.loader.ModuleClassLoader.loadClass(ModuleClassLoader.java:150)
	at java.lang.ClassLoader.loadClass(Unknown Source)
	at org.eclipse.osgi.internal.framework.EquinoxBundle.loadClass(EquinoxBundle.java:609)
	at org.eclipse.e4.ui.internal.workbench.ReflectionContributionFactory.createFromBundle(ReflectionContributionFactory.java:103)
	at org.eclipse.e4.ui.internal.workbench.ReflectionContributionFactory.doCreate(ReflectionContributionFactory.java:74)
	at org.eclipse.e4.ui.internal.workbench.ReflectionContributionFactory.create(ReflectionContributionFactory.java:56)
	at org.eclipse.e4.ui.internal.workbench.addons.HandlerProcessingAddon.processActiveHandler(HandlerProcessingAddon.java:143)
	at org.eclipse.e4.ui.internal.workbench.addons.HandlerProcessingAddon.postConstruct(HandlerProcessingAddon.java:53)
	at sun.reflect.NativeMethodAccessorImpl.invoke0(Native Method)
	at sun.reflect.NativeMethodAccessorImpl.invoke(Unknown Source)
	at sun.reflect.DelegatingMethodAccessorImpl.invoke(Unknown Source)
	at java.lang.reflect.Method.invoke(Unknown Source)
	at org.eclipse.e4.core.internal.di.MethodRequestor.execute(MethodRequestor.java:55)
	at org.eclipse.e4.core.internal.di.InjectorImpl.processAnnotated(InjectorImpl.java:1005)
	at org.eclipse.e4.core.internal.di.InjectorImpl.internalInject(InjectorImpl.java:137)
	at org.eclipse.e4.core.internal.di.InjectorImpl.internalMake(InjectorImpl.java:412)
	at org.eclipse.e4.core.internal.di.InjectorImpl.make(InjectorImpl.java:345)
	at org.eclipse.e4.core.contexts.ContextInjectionFactory.make(ContextInjectionFactory.java:214)
	at org.eclipse.e4.ui.internal.workbench.ReflectionContributionFactory.createFromBundle(ReflectionContributionFactory.java:108)
	at org.eclipse.e4.ui.internal.workbench.ReflectionContributionFactory.doCreate(ReflectionContributionFactory.java:74)
	at org.eclipse.e4.ui.internal.workbench.ReflectionContributionFactory.create(ReflectionContributionFactory.java:51)
	at org.eclipse.e4.ui.internal.workbench.swt.E4Application.createE4Workbench(E4Application.java:282)
	at org.eclipse.ui.internal.Workbench.lambda$3(Workbench.java:617)
	at org.eclipse.core.databinding.observable.Realm.runWithDefault(Realm.java:336)
	at org.eclipse.ui.internal.Workbench.createAndRunWorkbench(Workbench.java:597)
	at org.eclipse.ui.PlatformUI.createAndRunWorkbench(PlatformUI.java:148)
	at org.eclipse.ui.internal.ide.application.IDEApplication.start(IDEApplication.java:152)
	at org.eclipse.equinox.internal.app.EclipseAppHandle.run(EclipseAppHandle.java:196)
	at org.eclipse.core.runtime.internal.adaptor.EclipseAppLauncher.runApplication(EclipseAppLauncher.java:134)
	at org.eclipse.core.runtime.internal.adaptor.EclipseAppLauncher.start(EclipseAppLauncher.java:104)
	at org.eclipse.core.runtime.adaptor.EclipseStarter.run(EclipseStarter.java:388)
	at org.eclipse.core.runtime.adaptor.EclipseStarter.run(EclipseStarter.java:243)
	at sun.reflect.NativeMethodAccessorImpl.invoke0(Native Method)
	at sun.reflect.NativeMethodAccessorImpl.invoke(Unknown Source)
	at sun.reflect.DelegatingMethodAccessorImpl.invoke(Unknown Source)
	at java.lang.reflect.Method.invoke(Unknown Source)
	at org.eclipse.equinox.launcher.Main.invokeFramework(Main.java:656)
	at org.eclipse.equinox.launcher.Main.basicRun(Main.java:592)
	at org.eclipse.equinox.launcher.Main.run(Main.java:1498)

!ENTRY org.eclipse.e4.ui.workbench 4 0 2019-02-11 13:52:35.125
!MESSAGE Unable to load class 'org.eclipse.e4.ui.workbench.renderers.swt.cocoa.CocoaUIHandler' from bundle '124'
!STACK 0
java.lang.ClassNotFoundException: org.eclipse.e4.ui.workbench.renderers.swt.cocoa.CocoaUIHandler cannot be found by org.eclipse.e4.ui.workbench.renderers.swt_0.14.200.v20180516-2019
	at org.eclipse.osgi.internal.loader.BundleLoader.findClassInternal(BundleLoader.java:508)
	at org.eclipse.osgi.internal.loader.BundleLoader.findClass(BundleLoader.java:419)
	at org.eclipse.osgi.internal.loader.BundleLoader.findClass(BundleLoader.java:411)
	at org.eclipse.osgi.internal.loader.ModuleClassLoader.loadClass(ModuleClassLoader.java:150)
	at java.lang.ClassLoader.loadClass(Unknown Source)
	at org.eclipse.osgi.internal.framework.EquinoxBundle.loadClass(EquinoxBundle.java:609)
	at org.eclipse.e4.ui.internal.workbench.ReflectionContributionFactory.createFromBundle(ReflectionContributionFactory.java:103)
	at org.eclipse.e4.ui.internal.workbench.ReflectionContributionFactory.doCreate(ReflectionContributionFactory.java:74)
	at org.eclipse.e4.ui.internal.workbench.ReflectionContributionFactory.create(ReflectionContributionFactory.java:51)
	at org.eclipse.e4.ui.internal.workbench.swt.E4Application.createE4Workbench(E4Application.java:282)
	at org.eclipse.ui.internal.Workbench.lambda$3(Workbench.java:617)
	at org.eclipse.core.databinding.observable.Realm.runWithDefault(Realm.java:336)
	at org.eclipse.ui.internal.Workbench.createAndRunWorkbench(Workbench.java:597)
	at org.eclipse.ui.PlatformUI.createAndRunWorkbench(PlatformUI.java:148)
	at org.eclipse.ui.internal.ide.application.IDEApplication.start(IDEApplication.java:152)
	at org.eclipse.equinox.internal.app.EclipseAppHandle.run(EclipseAppHandle.java:196)
	at org.eclipse.core.runtime.internal.adaptor.EclipseAppLauncher.runApplication(EclipseAppLauncher.java:134)
	at org.eclipse.core.runtime.internal.adaptor.EclipseAppLauncher.start(EclipseAppLauncher.java:104)
	at org.eclipse.core.runtime.adaptor.EclipseStarter.run(EclipseStarter.java:388)
	at org.eclipse.core.runtime.adaptor.EclipseStarter.run(EclipseStarter.java:243)
	at sun.reflect.NativeMethodAccessorImpl.invoke0(Native Method)
	at sun.reflect.NativeMethodAccessorImpl.invoke(Unknown Source)
	at sun.reflect.DelegatingMethodAccessorImpl.invoke(Unknown Source)
	at java.lang.reflect.Method.invoke(Unknown Source)
	at org.eclipse.equinox.launcher.Main.invokeFramework(Main.java:656)
	at org.eclipse.equinox.launcher.Main.basicRun(Main.java:592)
	at org.eclipse.equinox.launcher.Main.run(Main.java:1498)

!ENTRY org.eclipse.egit.core 2 0 2019-02-11 13:52:37.254
!MESSAGE Builtin LFS support not present/detected
!STACK 0
java.lang.ClassNotFoundException: org.eclipse.jgit.lfs.BuiltinLFS cannot be found by org.eclipse.egit.core_5.0.0.201806131550-r
	at org.eclipse.osgi.internal.loader.BundleLoader.findClassInternal(BundleLoader.java:508)
	at org.eclipse.osgi.internal.loader.BundleLoader.findClass(BundleLoader.java:419)
	at org.eclipse.osgi.internal.loader.BundleLoader.findClass(BundleLoader.java:411)
	at org.eclipse.osgi.internal.loader.ModuleClassLoader.loadClass(ModuleClassLoader.java:150)
	at java.lang.ClassLoader.loadClass(Unknown Source)
	at java.lang.Class.forName0(Native Method)
	at java.lang.Class.forName(Unknown Source)
	at org.eclipse.egit.core.Activator.registerBuiltinLFS(Activator.java:279)
	at org.eclipse.egit.core.Activator.start(Activator.java:212)
	at org.eclipse.osgi.internal.framework.BundleContextImpl$3.run(BundleContextImpl.java:779)
	at org.eclipse.osgi.internal.framework.BundleContextImpl$3.run(BundleContextImpl.java:1)
	at java.security.AccessController.doPrivileged(Native Method)
	at org.eclipse.osgi.internal.framework.BundleContextImpl.startActivator(BundleContextImpl.java:772)
	at org.eclipse.osgi.internal.framework.BundleContextImpl.start(BundleContextImpl.java:729)
	at org.eclipse.osgi.internal.framework.EquinoxBundle.startWorker0(EquinoxBundle.java:1002)
	at org.eclipse.osgi.internal.framework.EquinoxBundle$EquinoxModule.startWorker(EquinoxBundle.java:354)
	at org.eclipse.osgi.container.Module.doStart(Module.java:581)
	at org.eclipse.osgi.container.Module.start(Module.java:449)
	at org.eclipse.osgi.framework.util.SecureAction.start(SecureAction.java:468)
	at org.eclipse.osgi.internal.hooks.EclipseLazyStarter.postFindLocalClass(EclipseLazyStarter.java:114)
	at org.eclipse.osgi.internal.loader.classpath.ClasspathManager.findLocalClass(ClasspathManager.java:505)
	at org.eclipse.osgi.internal.loader.ModuleClassLoader.findLocalClass(ModuleClassLoader.java:328)
	at org.eclipse.osgi.internal.loader.BundleLoader.findLocalClass(BundleLoader.java:392)
	at org.eclipse.osgi.internal.loader.sources.SingleSourcePackage.loadClass(SingleSourcePackage.java:36)
	at org.eclipse.osgi.internal.loader.BundleLoader.findClassInternal(BundleLoader.java:454)
	at org.eclipse.osgi.internal.loader.BundleLoader.findClass(BundleLoader.java:419)
	at org.eclipse.osgi.internal.loader.BundleLoader.findClass(BundleLoader.java:411)
	at org.eclipse.osgi.internal.loader.ModuleClassLoader.loadClass(ModuleClassLoader.java:150)
	at java.lang.ClassLoader.loadClass(Unknown Source)
	at org.eclipse.egit.ui.Activator$RepositoryChangeScanner.<init>(Activator.java:921)
	at org.eclipse.egit.ui.Activator.setupRepoChangeScanner(Activator.java:1034)
	at org.eclipse.egit.ui.Activator.start(Activator.java:336)
	at org.eclipse.osgi.internal.framework.BundleContextImpl$3.run(BundleContextImpl.java:779)
	at org.eclipse.osgi.internal.framework.BundleContextImpl$3.run(BundleContextImpl.java:1)
	at java.security.AccessController.doPrivileged(Native Method)
	at org.eclipse.osgi.internal.framework.BundleContextImpl.startActivator(BundleContextImpl.java:772)
	at org.eclipse.osgi.internal.framework.BundleContextImpl.start(BundleContextImpl.java:729)
	at org.eclipse.osgi.internal.framework.EquinoxBundle.startWorker0(EquinoxBundle.java:1002)
	at org.eclipse.osgi.internal.framework.EquinoxBundle$EquinoxModule.startWorker(EquinoxBundle.java:354)
	at org.eclipse.osgi.container.Module.doStart(Module.java:581)
	at org.eclipse.osgi.container.Module.start(Module.java:449)
	at org.eclipse.osgi.framework.util.SecureAction.start(SecureAction.java:468)
	at org.eclipse.osgi.internal.hooks.EclipseLazyStarter.postFindLocalClass(EclipseLazyStarter.java:114)
	at org.eclipse.osgi.internal.loader.classpath.ClasspathManager.findLocalClass(ClasspathManager.java:505)
	at org.eclipse.osgi.internal.loader.ModuleClassLoader.findLocalClass(ModuleClassLoader.java:328)
	at org.eclipse.osgi.internal.loader.BundleLoader.findLocalClass(BundleLoader.java:392)
	at org.eclipse.osgi.internal.loader.BundleLoader.findClassInternal(BundleLoader.java:470)
	at org.eclipse.osgi.internal.loader.BundleLoader.findClass(BundleLoader.java:419)
	at org.eclipse.osgi.internal.loader.BundleLoader.findClass(BundleLoader.java:411)
	at org.eclipse.osgi.internal.loader.ModuleClassLoader.loadClass(ModuleClassLoader.java:150)
	at java.lang.ClassLoader.loadClass(Unknown Source)
	at org.eclipse.osgi.internal.framework.EquinoxBundle.loadClass(EquinoxBundle.java:609)
	at org.eclipse.core.internal.registry.osgi.RegistryStrategyOSGI.createExecutableExtension(RegistryStrategyOSGI.java:177)
	at org.eclipse.core.internal.registry.ExtensionRegistry.createExecutableExtension(ExtensionRegistry.java:931)
	at org.eclipse.core.internal.registry.ConfigurationElement.createExecutableExtension(ConfigurationElement.java:243)
	at org.eclipse.core.internal.registry.ConfigurationElementHandle.createExecutableExtension(ConfigurationElementHandle.java:60)
	at org.eclipse.ui.internal.services.WorkbenchServiceRegistry.getSourceProviders(WorkbenchServiceRegistry.java:174)
	at org.eclipse.ui.internal.services.SourceProviderService.readRegistry(SourceProviderService.java:104)
	at org.eclipse.ui.internal.Workbench$34.runWithException(Workbench.java:2378)
	at org.eclipse.ui.internal.StartupThreading$StartupRunnable.run(StartupThreading.java:32)
	at org.eclipse.swt.widgets.Synchronizer.syncExec(Synchronizer.java:233)
	at org.eclipse.ui.internal.UISynchronizer.syncExec(UISynchronizer.java:144)
	at org.eclipse.swt.widgets.Display.syncExec(Display.java:4567)
	at org.eclipse.ui.internal.StartupThreading.runWithoutExceptions(StartupThreading.java:95)
	at org.eclipse.ui.internal.Workbench.initializeDefaultServices(Workbench.java:2373)
	at org.eclipse.ui.internal.Workbench.init(Workbench.java:1654)
	at org.eclipse.ui.internal.Workbench.runUI(Workbench.java:2859)
	at org.eclipse.ui.internal.Workbench.lambda$3(Workbench.java:654)
	at org.eclipse.core.databinding.observable.Realm.runWithDefault(Realm.java:336)
	at org.eclipse.ui.internal.Workbench.createAndRunWorkbench(Workbench.java:597)
	at org.eclipse.ui.PlatformUI.createAndRunWorkbench(PlatformUI.java:148)
	at org.eclipse.ui.internal.ide.application.IDEApplication.start(IDEApplication.java:152)
	at org.eclipse.equinox.internal.app.EclipseAppHandle.run(EclipseAppHandle.java:196)
	at org.eclipse.core.runtime.internal.adaptor.EclipseAppLauncher.runApplication(EclipseAppLauncher.java:134)
	at org.eclipse.core.runtime.internal.adaptor.EclipseAppLauncher.start(EclipseAppLauncher.java:104)
	at org.eclipse.core.runtime.adaptor.EclipseStarter.run(EclipseStarter.java:388)
	at org.eclipse.core.runtime.adaptor.EclipseStarter.run(EclipseStarter.java:243)
	at sun.reflect.NativeMethodAccessorImpl.invoke0(Native Method)
	at sun.reflect.NativeMethodAccessorImpl.invoke(Unknown Source)
	at sun.reflect.DelegatingMethodAccessorImpl.invoke(Unknown Source)
	at java.lang.reflect.Method.invoke(Unknown Source)
	at org.eclipse.equinox.launcher.Main.invokeFramework(Main.java:656)
	at org.eclipse.equinox.launcher.Main.basicRun(Main.java:592)
	at org.eclipse.equinox.launcher.Main.run(Main.java:1498)
